Log file open, 06/19/19 09:44:52
LogWindows: Failed to load 'aqProf.dll' (GetLastError=126)
LogWindows: File 'aqProf.dll' does not exist
LogWindows: Failed to load 'VtuneApi.dll' (GetLastError=126)
LogWindows: File 'VtuneApi.dll' does not exist
LogWindows: Failed to load 'VtuneApi32e.dll' (GetLastError=126)
LogWindows: File 'VtuneApi32e.dll' does not exist
LogConsoleResponse: Display: Failed to find resolution value strings in scalability ini. Falling back to default.
LogInit: Display: Running engine for game: cityBlockProj
LogPakFile: Registered encryption key '00000000000000000000000000000000': 0 pak files mounted, 0 remain pending
LogPlatformFile: Not using cached read wrapper
LogTaskGraph: Started task graph with 5 named threads and 35 total threads with 3 sets of task threads.
LogStats: Stats thread started at 0.444871
LogD3D11RHI: Loaded GFSDK_Aftermath_Lib.x64.dll
LogICUInternationalization: ICU TimeZone Detection - Raw Offset: -7:00, Platform Override: ''
LogPluginManager: Mounting plugin Paper2D
LogPluginManager: Mounting plugin AISupport
LogPluginManager: Mounting plugin LightPropagationVolume
LogPluginManager: Mounting plugin ActorLayerUtilities
LogPluginManager: Mounting plugin AnimationSharing
LogPluginManager: Mounting plugin CLionSourceCodeAccess
LogPluginManager: Mounting plugin CodeLiteSourceCodeAccess
LogPluginManager: Mounting plugin GitSourceControl
LogPluginManager: Mounting plugin KDevelopSourceCodeAccess
LogPluginManager: Mounting plugin NullSourceCodeAccess
LogPluginManager: Mounting plugin PerforceSourceControl
LogPluginManager: Mounting plugin SubversionSourceControl
LogPluginManager: Mounting plugin UObjectPlugin
LogPluginManager: Mounting plugin VisualStudioCodeSourceCodeAccess
LogPluginManager: Mounting plugin VisualStudioSourceCodeAccess
LogPluginManager: Mounting plugin XCodeSourceCodeAccess
LogPluginManager: Mounting plugin AssetManagerEditor
LogPluginManager: Mounting plugin CryptoKeys
LogPluginManager: Mounting plugin DataValidation
LogPluginManager: Mounting plugin FacialAnimation
LogPluginManager: Mounting plugin GameplayTagsEditor
LogPluginManager: Mounting plugin MacGraphicsSwitching
LogPluginManager: Mounting plugin MaterialAnalyzer
LogPluginManager: Mounting plugin MobileLauncherProfileWizard
LogPluginManager: Mounting plugin PluginBrowser
LogPluginManager: Mounting plugin SpeedTreeImporter
LogPluginManager: Mounting plugin DatasmithContent
LogPluginManager: Mounting plugin VariantManagerContent
LogPluginManager: Mounting plugin AlembicImporter
LogPluginManager: Mounting plugin AppleImageUtils
LogPluginManager: Mounting plugin AppleVision
LogPluginManager: Mounting plugin BackChannel
LogPluginManager: Mounting plugin CharacterAI
LogPluginManager: Mounting plugin GeometryCache
LogPluginManager: Mounting plugin HTML5Networking
LogPluginManager: Mounting plugin ProxyLODPlugin
LogPluginManager: Mounting plugin SkeletalReduction
LogPluginManager: Mounting plugin MagicLeap
LogPluginManager: Mounting plugin MagicLeapMedia
LogPluginManager: Mounting plugin AndroidMedia
LogPluginManager: Mounting plugin AvfMedia
LogPluginManager: Mounting plugin ImgMedia
LogPluginManager: Mounting plugin LinearTimecode
LogPluginManager: Mounting plugin MediaCompositing
LogPluginManager: Mounting plugin MediaPlayerEditor
LogPluginManager: Mounting plugin WebMMedia
LogPluginManager: Mounting plugin WmfMedia
LogPluginManager: Mounting plugin TcpMessaging
LogPluginManager: Mounting plugin UdpMessaging
LogPluginManager: Mounting plugin ActorSequence
LogPluginManager: Mounting plugin LevelSequenceEditor
LogPluginManager: Mounting plugin MatineeToLevelSequence
LogPluginManager: Mounting plugin NetcodeUnitTest
LogPluginManager: Mounting plugin NUTUnrealEngine4
LogPluginManager: Mounting plugin OnlineSubsystemGooglePlay
LogPluginManager: Mounting plugin OnlineSubsystemIOS
LogPluginManager: Mounting plugin OnlineSubsystem
LogPluginManager: Mounting plugin OnlineSubsystemNull
LogPluginManager: Mounting plugin OnlineSubsystemUtils
LogPluginManager: Mounting plugin LauncherChunkInstaller
LogPluginManager: Mounting plugin AndroidDeviceProfileSelector
LogPluginManager: Mounting plugin AndroidMoviePlayer
LogPluginManager: Mounting plugin AndroidPermission
LogPluginManager: Mounting plugin AppleMoviePlayer
LogPluginManager: Mounting plugin ArchVisCharacter
LogPluginManager: Mounting plugin AudioCapture
LogPluginManager: Mounting plugin CableComponent
LogPluginManager: Mounting plugin CustomMeshComponent
LogPluginManager: Mounting plugin EditableMesh
LogPluginManager: Mounting plugin ExampleDeviceProfileSelector
LogPluginManager: Mounting plugin Firebase
LogPluginManager: Mounting plugin GoogleCloudMessaging
LogPluginManager: Mounting plugin IOSDeviceProfileSelector
LogPluginManager: Mounting plugin LinuxDeviceProfileSelector
LogPluginManager: Mounting plugin LocationServicesBPLibrary
LogPluginManager: Mounting plugin MobilePatchingUtils
LogPluginManager: Mounting plugin OculusVR
LogPluginManager: Mounting plugin PhysXVehicles
LogPluginManager: Mounting plugin ProceduralMeshComponent
LogPluginManager: Mounting plugin RuntimePhysXCooking
LogPluginManager: Mounting plugin SignificanceManager
LogPluginManager: Mounting plugin SteamVR
LogPluginManager: Mounting plugin WebMMoviePlayer
LogPluginManager: Mounting plugin WindowsMoviePlayer
LogInit: Using libcurl 7.55.1-DEV
LogInit:  - built for x86_64-pc-win32
LogInit:  - supports SSL with OpenSSL/1.1.1
LogInit:  - supports HTTP deflate (compression) using libz 1.2.8
LogInit:  - other features:
LogInit:      CURL_VERSION_SSL
LogInit:      CURL_VERSION_LIBZ
LogInit:      CURL_VERSION_IPV6
LogInit:      CURL_VERSION_ASYNCHDNS
LogInit:      CURL_VERSION_LARGEFILE
LogInit:      CURL_VERSION_IDN
LogInit:  CurlRequestOptions (configurable via config and command line):
LogInit:  - bVerifyPeer = true  - Libcurl will verify peer certificate
LogInit:  - bUseHttpProxy = false  - Libcurl will NOT use HTTP proxy
LogInit:  - bDontReuseConnections = false  - Libcurl will reuse connections
LogInit:  - MaxHostConnections = 16  - Libcurl will limit the number of connections to a host
LogInit:  - LocalHostAddr = Default
LogInit:  - BufferSize = 65536
LogInit: WinSock: version 1.1 (2.2), MaxSocks=32767, MaxUdp=65467
LogInit: Build: ++UE4+Release-4.22-CL-6063286
LogInit: Engine Version: 4.22.1-6063286+++UE4+Release-4.22
LogInit: Compatible Engine Version: 4.22.0-5660361+++UE4+Release-4.22
LogInit: Net CL: 5660361
LogInit: OS: Windows 10 (Release 1809) (), CPU: Intel(R) Core(TM) i7-8750H CPU @ 2.20GHz, GPU: Intel(R) UHD Graphics 630
LogInit: Compiled (64-bit): Apr 24 2019 04:36:48
LogInit: Compiled with Visual C++: 19.16.27025.01
LogInit: Build Configuration: Development
LogInit: Branch Name: ++UE4+Release-4.22
LogInit: Command Line: 
LogInit: Base Directory: C:/Program Files/Epic Games/UE_4.22/Engine/Binaries/Win64/
LogInit: Installed Engine Build: 1
LogDevObjectVersion: Number of dev versions registered: 23
LogDevObjectVersion:   Dev-Blueprints (B0D832E4-1F89-4F0D-ACCF-7EB736FD4AA2): 10
LogDevObjectVersion:   Dev-Build (E1C64328-A22C-4D53-A36C-8E866417BD8C): 0
LogDevObjectVersion:   Dev-Core (375EC13C-06E4-48FB-B500-84F0262A717E): 3
LogDevObjectVersion:   Dev-Editor (E4B068ED-F494-42E9-A231-DA0B2E46BB41): 30
LogDevObjectVersion:   Dev-Framework (CFFC743F-43B0-4480-9391-14DF171D2073): 35
LogDevObjectVersion:   Dev-Mobile (B02B49B5-BB20-44E9-A304-32B752E40360): 2
LogDevObjectVersion:   Dev-Networking (A4E4105C-59A1-49B5-A7C5-40C4547EDFEE): 0
LogDevObjectVersion:   Dev-Online (39C831C9-5AE6-47DC-9A44-9C173E1C8E7C): 0
LogDevObjectVersion:   Dev-Physics (78F01B33-EBEA-4F98-B9B4-84EACCB95AA2): 0
LogDevObjectVersion:   Dev-Platform (6631380F-2D4D-43E0-8009-CF276956A95A): 0
LogDevObjectVersion:   Dev-Rendering (12F88B9F-8875-4AFC-A67C-D90C383ABD29): 28
LogDevObjectVersion:   Dev-Sequencer (7B5AE74C-D270-4C10-A958-57980B212A5A): 11
LogDevObjectVersion:   Dev-VR (D7296918-1DD6-4BDD-9DE2-64A83CC13884): 2
LogDevObjectVersion:   Dev-LoadTimes (C2A15278-BFE7-4AFE-6C17-90FF531DF755): 1
LogDevObjectVersion:   Private-Geometry (6EACA3D4-40EC-4CC1-B786-8BED09428FC5): 3
LogDevObjectVersion:   Dev-AnimPhys (29E575DD-E0A3-4627-9D10-D276232CDCEA): 17
LogDevObjectVersion:   Dev-Anim (AF43A65D-7FD3-4947-9873-3E8ED9C1BB05): 2
LogDevObjectVersion:   Dev-ReflectionCapture (6B266CEC-1EC7-4B8F-A30B-E4D90942FC07): 1
LogDevObjectVersion:   Dev-Automation (0DF73D61-A23F-47EA-B727-89E90C41499A): 1
LogDevObjectVersion:   FortniteMain (601D1886-AC64-4F84-AA16-D3DE0DEAC7D6): 25
LogDevObjectVersion:   Dev-Enterprise (9DFFBCD6-494F-0158-E221-12823C92A888): 6
LogDevObjectVersion:   Dev-Niagara (F2AED0AC-9AFE-416F-8664-AA7FFA26D6FC): 1
LogDevObjectVersion:   Dev-Destruction (174F1F0B-B4C6-45A5-B13F-2EE8D0FB917D): 2
LogInit: Presizing for max 16777216 objects, including 0 objects not considered by GC, pre-allocating 0 bytes for permanent pool.
LogInit: Object subsystem initialized
LogConfig: Setting CVar [[con.DebugEarlyDefault:1]]
LogConfig: Setting CVar [[r.setres:1280x720]]
[2019.06.19-15.44.53:293][  0]LogConfig: Setting CVar [[r.VSync:0]]
[2019.06.19-15.44.53:293][  0]LogConfig: Setting CVar [[r.RHICmdBypass:0]]
[2019.06.19-15.44.53:293][  0]LogConfig: Applying CVar settings from Section [/Script/Engine.RendererSettings] File [C:/Users/naomi/Documents/GitHub/summerAssetPipe/cityBlockProj/Saved/Config/Windows/Engine.ini]
[2019.06.19-15.44.53:293][  0]LogConfig: Setting CVar [[r.GPUCrashDebugging:0]]
[2019.06.19-15.44.53:293][  0]LogConfig: Applying CVar settings from Section [/Script/Engine.RendererOverrideSettings] File [C:/Users/naomi/Documents/GitHub/summerAssetPipe/cityBlockProj/Saved/Config/Windows/Engine.ini]
[2019.06.19-15.44.53:293][  0]LogConfig: Applying CVar settings from Section [/Script/Engine.StreamingSettings] File [C:/Users/naomi/Documents/GitHub/summerAssetPipe/cityBlockProj/Saved/Config/Windows/Engine.ini]
[2019.06.19-15.44.53:293][  0]LogConfig: Setting CVar [[s.MinBulkDataSizeForAsyncLoading:131072]]
[2019.06.19-15.44.53:293][  0]LogConfig: Setting CVar [[s.AsyncLoadingThreadEnabled:0]]
[2019.06.19-15.44.53:293][  0]LogConfig: Setting CVar [[s.EventDrivenLoaderEnabled:1]]
[2019.06.19-15.44.53:293][  0]LogConfig: Setting CVar [[s.WarnIfTimeLimitExceeded:0]]
[2019.06.19-15.44.53:293][  0]LogConfig: Setting CVar [[s.TimeLimitExceededMultiplier:1.5]]
[2019.06.19-15.44.53:293][  0]LogConfig: Setting CVar [[s.TimeLimitExceededMinTime:0.005]]
[2019.06.19-15.44.53:293][  0]LogConfig: Setting CVar [[s.UseBackgroundLevelStreaming:1]]
[2019.06.19-15.44.53:293][  0]LogConfig: Setting CVar [[s.PriorityAsyncLoadingExtraTime:15.0]]
[2019.06.19-15.44.53:293][  0]LogConfig: Setting CVar [[s.LevelStreamingActorsUpdateTimeLimit:5.0]]
[2019.06.19-15.44.53:293][  0]LogConfig: Setting CVar [[s.PriorityLevelStreamingActorsUpdateExtraTime:5.0]]
[2019.06.19-15.44.53:293][  0]LogConfig: Setting CVar [[s.LevelStreamingComponentsRegistrationGranularity:10]]
[2019.06.19-15.44.53:293][  0]LogConfig: Setting CVar [[s.UnregisterComponentsTimeLimit:1.0]]
[2019.06.19-15.44.53:293][  0]LogConfig: Setting CVar [[s.LevelStreamingComponentsUnregistrationGranularity:5]]
[2019.06.19-15.44.53:293][  0]LogConfig: Applying CVar settings from Section [/Script/Engine.GarbageCollectionSettings] File [C:/Users/naomi/Documents/GitHub/summerAssetPipe/cityBlockProj/Saved/Config/Windows/Engine.ini]
[2019.06.19-15.44.53:293][  0]LogConfig: Setting CVar [[gc.MaxObjectsNotConsideredByGC:1]]
[2019.06.19-15.44.53:293][  0]LogConfig: Setting CVar [[gc.SizeOfPermanentObjectPool:0]]
[2019.06.19-15.44.53:293][  0]LogConfig: Setting CVar [[gc.FlushStreamingOnGC:0]]
[2019.06.19-15.44.53:293][  0]LogConfig: Setting CVar [[gc.NumRetriesBeforeForcingGC:10]]
[2019.06.19-15.44.53:293][  0]LogConfig: Setting CVar [[gc.AllowParallelGC:1]]
[2019.06.19-15.44.53:293][  0]LogConfig: Setting CVar [[gc.TimeBetweenPurgingPendingKillObjects:61.1]]
[2019.06.19-15.44.53:293][  0]LogConfig: Setting CVar [[gc.MaxObjectsInEditor:16777216]]
[2019.06.19-15.44.53:293][  0]LogConfig: Setting CVar [[gc.IncrementalBeginDestroyEnabled:1]]
[2019.06.19-15.44.53:293][  0]LogConfig: Setting CVar [[gc.CreateGCClusters:1]]
[2019.06.19-15.44.53:293][  0]LogConfig: Setting CVar [[gc.MinGCClusterSize:5]]
[2019.06.19-15.44.53:293][  0]LogConfig: Setting CVar [[gc.ActorClusteringEnabled:0]]
[2019.06.19-15.44.53:293][  0]LogConfig: Setting CVar [[gc.BlueprintClusteringEnabled:0]]
[2019.06.19-15.44.53:293][  0]LogConfig: Setting CVar [[gc.UseDisregardForGCOnDedicatedServers:0]]
[2019.06.19-15.44.53:293][  0]LogConfig: Applying CVar settings from Section [/Script/Engine.NetworkSettings] File [C:/Users/naomi/Documents/GitHub/summerAssetPipe/cityBlockProj/Saved/Config/Windows/Engine.ini]
[2019.06.19-15.44.53:293][  0]LogConfig: Applying CVar settings from Section [/Script/UnrealEd.CookerSettings] File [C:/Users/naomi/Documents/GitHub/summerAssetPipe/cityBlockProj/Saved/Config/Windows/Engine.ini]
[2019.06.19-15.44.53:295][  0]LogConfig: Applying CVar settings from Section [ViewDistanceQuality@3] File [C:/Users/naomi/Documents/GitHub/summerAssetPipe/cityBlockProj/Saved/Config/Windows/Scalability.ini]
[2019.06.19-15.44.53:295][  0]LogConfig: Setting CVar [[r.SkeletalMeshLODBias:0]]
[2019.06.19-15.44.53:295][  0]LogConfig: Setting CVar [[r.ViewDistanceScale:1.0]]
[2019.06.19-15.44.53:295][  0]LogConfig: Applying CVar settings from Section [AntiAliasingQuality@3] File [C:/Users/naomi/Documents/GitHub/summerAssetPipe/cityBlockProj/Saved/Config/Windows/Scalability.ini]
[2019.06.19-15.44.53:295][  0]LogConfig: Setting CVar [[r.PostProcessAAQuality:4]]
[2019.06.19-15.44.53:295][  0]LogConfig: Applying CVar settings from Section [ShadowQuality@3] File [C:/Users/naomi/Documents/GitHub/summerAssetPipe/cityBlockProj/Saved/Config/Windows/Scalability.ini]
[2019.06.19-15.44.53:295][  0]LogConfig: Setting CVar [[r.LightFunctionQuality:1]]
[2019.06.19-15.44.53:295][  0]LogConfig: Setting CVar [[r.ShadowQuality:5]]
[2019.06.19-15.44.53:295][  0]LogConfig: Setting CVar [[r.Shadow.CSM.MaxCascades:10]]
[2019.06.19-15.44.53:295][  0]LogConfig: Setting CVar [[r.Shadow.MaxResolution:2048]]
[2019.06.19-15.44.53:295][  0]LogConfig: Setting CVar [[r.Shadow.MaxCSMResolution:2048]]
[2019.06.19-15.44.53:295][  0]LogConfig: Setting CVar [[r.Shadow.RadiusThreshold:0.01]]
[2019.06.19-15.44.53:295][  0]LogConfig: Setting CVar [[r.Shadow.DistanceScale:1.0]]
[2019.06.19-15.44.53:295][  0]LogConfig: Setting CVar [[r.Shadow.CSM.TransitionScale:1.0]]
[2019.06.19-15.44.53:295][  0]LogConfig: Setting CVar [[r.Shadow.PreShadowResolutionFactor:1.0]]
[2019.06.19-15.44.53:295][  0]LogConfig: Setting CVar [[r.DistanceFieldShadowing:1]]
[2019.06.19-15.44.53:295][  0]LogConfig: Setting CVar [[r.DistanceFieldAO:1]]
[2019.06.19-15.44.53:295][  0]LogConfig: Setting CVar [[r.AOQuality:2]]
[2019.06.19-15.44.53:295][  0]LogConfig: Setting CVar [[r.VolumetricFog:1]]
[2019.06.19-15.44.53:295][  0]LogConfig: Setting CVar [[r.VolumetricFog.GridPixelSize:8]]
[2019.06.19-15.44.53:295][  0]LogConfig: Setting CVar [[r.VolumetricFog.GridSizeZ:128]]
[2019.06.19-15.44.53:295][  0]LogConfig: Setting CVar [[r.VolumetricFog.HistoryMissSupersampleCount:4]]
[2019.06.19-15.44.53:295][  0]LogConfig: Setting CVar [[r.LightMaxDrawDistanceScale:1]]
[2019.06.19-15.44.53:295][  0]LogConfig: Setting CVar [[r.CapsuleShadows:1]]
[2019.06.19-15.44.53:295][  0]LogConfig: Applying CVar settings from Section [PostProcessQuality@3] File [C:/Users/naomi/Documents/GitHub/summerAssetPipe/cityBlockProj/Saved/Config/Windows/Scalability.ini]
[2019.06.19-15.44.53:295][  0]LogConfig: Setting CVar [[r.MotionBlurQuality:4]]
[2019.06.19-15.44.53:295][  0]LogConfig: Setting CVar [[r.AmbientOcclusionMipLevelFactor:0.4]]
[2019.06.19-15.44.53:295][  0]LogConfig: Setting CVar [[r.AmbientOcclusionMaxQuality:100]]
[2019.06.19-15.44.53:295][  0]LogConfig: Setting CVar [[r.AmbientOcclusionLevels:-1]]
[2019.06.19-15.44.53:295][  0]LogConfig: Setting CVar [[r.AmbientOcclusionRadiusScale:1.0]]
[2019.06.19-15.44.53:295][  0]LogConfig: Setting CVar [[r.DepthOfFieldQuality:2]]
[2019.06.19-15.44.53:295][  0]LogConfig: Setting CVar [[r.RenderTargetPoolMin:400]]
[2019.06.19-15.44.53:295][  0]LogConfig: Setting CVar [[r.LensFlareQuality:2]]
[2019.06.19-15.44.53:295][  0]LogConfig: Setting CVar [[r.SceneColorFringeQuality:1]]
[2019.06.19-15.44.53:295][  0]LogConfig: Setting CVar [[r.EyeAdaptationQuality:2]]
[2019.06.19-15.44.53:295][  0]LogConfig: Setting CVar [[r.BloomQuality:5]]
[2019.06.19-15.44.53:295][  0]LogConfig: Setting CVar [[r.FastBlurThreshold:100]]
[2019.06.19-15.44.53:295][  0]LogConfig: Setting CVar [[r.Upscale.Quality:3]]
[2019.06.19-15.44.53:295][  0]LogConfig: Setting CVar [[r.Tonemapper.GrainQuantization:1]]
[2019.06.19-15.44.53:295][  0]LogConfig: Setting CVar [[r.LightShaftQuality:1]]
[2019.06.19-15.44.53:295][  0]LogConfig: Setting CVar [[r.Filter.SizeScale:1]]
[2019.06.19-15.44.53:295][  0]LogConfig: Setting CVar [[r.Tonemapper.Quality:5]]
[2019.06.19-15.44.53:295][  0]LogConfig: Setting CVar [[r.DOF.Gather.AccumulatorQuality:1        ; higher gathering accumulator quality]]
[2019.06.19-15.44.53:295][  0]LogConfig: Setting CVar [[r.DOF.Gather.PostfilterMethod:1          ; Median3x3 postfilering method]]
[2019.06.19-15.44.53:295][  0]LogConfig: Setting CVar [[r.DOF.Gather.EnableBokehSettings:0       ; no bokeh simulation when gathering]]
[2019.06.19-15.44.53:295][  0]LogConfig: Setting CVar [[r.DOF.Gather.RingCount:4                 ; medium number of samples when gathering]]
[2019.06.19-15.44.53:295][  0]LogConfig: Setting CVar [[r.DOF.Scatter.ForegroundCompositing:1    ; additive foreground scattering]]
[2019.06.19-15.44.53:295][  0]LogConfig: Setting CVar [[r.DOF.Scatter.BackgroundCompositing:2    ; additive background scattering]]
[2019.06.19-15.44.53:295][  0]LogConfig: Setting CVar [[r.DOF.Scatter.EnableBokehSettings:1      ; bokeh simulation when scattering]]
[2019.06.19-15.44.53:295][  0]LogConfig: Setting CVar [[r.DOF.Scatter.MaxSpriteRatio:0.1         ; only a maximum of 10% of scattered bokeh]]
[2019.06.19-15.44.53:296][  0]LogConfig: Setting CVar [[r.DOF.Recombine.Quality:1                ; cheap slight out of focus]]
[2019.06.19-15.44.53:296][  0]LogConfig: Setting CVar [[r.DOF.Recombine.EnableBokehSettings:0    ; no bokeh simulation on slight out of focus]]
[2019.06.19-15.44.53:296][  0]LogConfig: Setting CVar [[r.DOF.TemporalAAQuality:1                ; more stable temporal accumulation]]
[2019.06.19-15.44.53:296][  0]LogConfig: Setting CVar [[r.DOF.Kernel.MaxForegroundRadius:0.025]]
[2019.06.19-15.44.53:296][  0]LogConfig: Setting CVar [[r.DOF.Kernel.MaxBackgroundRadius:0.025]]
[2019.06.19-15.44.53:296][  0]LogConfig: Applying CVar settings from Section [TextureQuality@3] File [C:/Users/naomi/Documents/GitHub/summerAssetPipe/cityBlockProj/Saved/Config/Windows/Scalability.ini]
[2019.06.19-15.44.53:296][  0]LogConfig: Setting CVar [[r.Streaming.MipBias:0]]
[2019.06.19-15.44.53:296][  0]LogConfig: Setting CVar [[r.Streaming.AmortizeCPUToGPUCopy:0]]
[2019.06.19-15.44.53:296][  0]LogConfig: Setting CVar [[r.Streaming.MaxNumTexturesToStreamPerFrame:0]]
[2019.06.19-15.44.53:296][  0]LogConfig: Setting CVar [[r.Streaming.Boost:1]]
[2019.06.19-15.44.53:296][  0]LogConfig: Setting CVar [[r.MaxAnisotropy:8]]
[2019.06.19-15.44.53:296][  0]LogConfig: Setting CVar [[r.Streaming.LimitPoolSizeToVRAM:0]]
[2019.06.19-15.44.53:296][  0]LogConfig: Setting CVar [[r.Streaming.PoolSize:1000]]
[2019.06.19-15.44.53:296][  0]LogConfig: Setting CVar [[r.Streaming.MaxEffectiveScreenSize:0]]
[2019.06.19-15.44.53:296][  0]LogConfig: Applying CVar settings from Section [EffectsQuality@3] File [C:/Users/naomi/Documents/GitHub/summerAssetPipe/cityBlockProj/Saved/Config/Windows/Scalability.ini]
[2019.06.19-15.44.53:296][  0]LogConfig: Setting CVar [[r.TranslucencyLightingVolumeDim:64]]
[2019.06.19-15.44.53:296][  0]LogConfig: Setting CVar [[r.RefractionQuality:2]]
[2019.06.19-15.44.53:296][  0]LogConfig: Setting CVar [[r.SSR.Quality:3]]
[2019.06.19-15.44.53:296][  0]LogConfig: Setting CVar [[r.SceneColorFormat:4]]
[2019.06.19-15.44.53:296][  0]LogConfig: Setting CVar [[r.DetailMode:2]]
[2019.06.19-15.44.53:296][  0]LogConfig: Setting CVar [[r.TranslucencyVolumeBlur:1]]
[2019.06.19-15.44.53:296][  0]LogConfig: Setting CVar [[r.MaterialQualityLevel:1 ; High quality]]
[2019.06.19-15.44.53:296][  0]LogConfig: Setting CVar [[r.SSS.Scale:1]]
[2019.06.19-15.44.53:296][  0]LogConfig: Setting CVar [[r.SSS.SampleSet:2]]
[2019.06.19-15.44.53:296][  0]LogConfig: Setting CVar [[r.SSS.Quality:1]]
[2019.06.19-15.44.53:296][  0]LogConfig: Setting CVar [[r.SSS.HalfRes:1]]
[2019.06.19-15.44.53:296][  0]LogConfig: Setting CVar [[r.EmitterSpawnRateScale:1.0]]
[2019.06.19-15.44.53:296][  0]LogConfig: Setting CVar [[r.ParticleLightQuality:2]]
[2019.06.19-15.44.53:296][  0]LogConfig: Applying CVar settings from Section [FoliageQuality@3] File [C:/Users/naomi/Documents/GitHub/summerAssetPipe/cityBlockProj/Saved/Config/Windows/Scalability.ini]
[2019.06.19-15.44.53:296][  0]LogConfig: Setting CVar [[foliage.DensityScale:1.0]]
[2019.06.19-15.44.53:296][  0]LogConfig: Setting CVar [[grass.DensityScale:1.0]]
[2019.06.19-15.44.53:296][  0]LogInit: Selected Device Profile: [Windows]
[2019.06.19-15.44.53:296][  0]LogInit: Applying CVar settings loaded from the selected device profile: [Windows]
[2019.06.19-15.44.53:325][  0]LogHAL: Display: Platform has ~ 16 GB [17075023872 / 17179869184 / 16], which maps to Larger [LargestMinGB=32, LargerMinGB=12, DefaultMinGB=8, SmallerMinGB=6, SmallestMinGB=0)
[2019.06.19-15.44.53:325][  0]LogConfig: Setting CVar [[r.Vulkan.UseRealUBs:0		; Required until we fix HLR fall-out]]
[2019.06.19-15.44.53:325][  0]LogInit: Going up to parent DeviceProfile []
[2019.06.19-15.44.53:325][  0]LogConfig: Applying CVar settings from Section [ViewDistanceQuality@3] File [C:/Users/naomi/Documents/GitHub/summerAssetPipe/cityBlockProj/Saved/Config/Windows/Scalability.ini]
[2019.06.19-15.44.53:325][  0]LogConfig: Setting CVar [[r.SkeletalMeshLODBias:0]]
[2019.06.19-15.44.53:325][  0]LogConfig: Setting CVar [[r.ViewDistanceScale:1.0]]
[2019.06.19-15.44.53:325][  0]LogConfig: Applying CVar settings from Section [AntiAliasingQuality@3] File [C:/Users/naomi/Documents/GitHub/summerAssetPipe/cityBlockProj/Saved/Config/Windows/Scalability.ini]
[2019.06.19-15.44.53:325][  0]LogConfig: Setting CVar [[r.PostProcessAAQuality:4]]
[2019.06.19-15.44.53:325][  0]LogConfig: Applying CVar settings from Section [ShadowQuality@3] File [C:/Users/naomi/Documents/GitHub/summerAssetPipe/cityBlockProj/Saved/Config/Windows/Scalability.ini]
[2019.06.19-15.44.53:325][  0]LogConfig: Setting CVar [[r.LightFunctionQuality:1]]
[2019.06.19-15.44.53:325][  0]LogConfig: Setting CVar [[r.ShadowQuality:5]]
[2019.06.19-15.44.53:325][  0]LogConfig: Setting CVar [[r.Shadow.CSM.MaxCascades:10]]
[2019.06.19-15.44.53:325][  0]LogConfig: Setting CVar [[r.Shadow.MaxResolution:2048]]
[2019.06.19-15.44.53:325][  0]LogConfig: Setting CVar [[r.Shadow.MaxCSMResolution:2048]]
[2019.06.19-15.44.53:325][  0]LogConfig: Setting CVar [[r.Shadow.RadiusThreshold:0.01]]
[2019.06.19-15.44.53:325][  0]LogConfig: Setting CVar [[r.Shadow.DistanceScale:1.0]]
[2019.06.19-15.44.53:325][  0]LogConfig: Setting CVar [[r.Shadow.CSM.TransitionScale:1.0]]
[2019.06.19-15.44.53:325][  0]LogConfig: Setting CVar [[r.Shadow.PreShadowResolutionFactor:1.0]]
[2019.06.19-15.44.53:325][  0]LogConfig: Setting CVar [[r.DistanceFieldShadowing:1]]
[2019.06.19-15.44.53:325][  0]LogConfig: Setting CVar [[r.DistanceFieldAO:1]]
[2019.06.19-15.44.53:325][  0]LogConfig: Setting CVar [[r.AOQuality:2]]
[2019.06.19-15.44.53:325][  0]LogConfig: Setting CVar [[r.VolumetricFog:1]]
[2019.06.19-15.44.53:325][  0]LogConfig: Setting CVar [[r.VolumetricFog.GridPixelSize:8]]
[2019.06.19-15.44.53:325][  0]LogConfig: Setting CVar [[r.VolumetricFog.GridSizeZ:128]]
[2019.06.19-15.44.53:326][  0]LogConfig: Setting CVar [[r.VolumetricFog.HistoryMissSupersampleCount:4]]
[2019.06.19-15.44.53:326][  0]LogConfig: Setting CVar [[r.LightMaxDrawDistanceScale:1]]
[2019.06.19-15.44.53:326][  0]LogConfig: Setting CVar [[r.CapsuleShadows:1]]
[2019.06.19-15.44.53:326][  0]LogConfig: Applying CVar settings from Section [PostProcessQuality@3] File [C:/Users/naomi/Documents/GitHub/summerAssetPipe/cityBlockProj/Saved/Config/Windows/Scalability.ini]
[2019.06.19-15.44.53:326][  0]LogConfig: Setting CVar [[r.MotionBlurQuality:4]]
[2019.06.19-15.44.53:326][  0]LogConfig: Setting CVar [[r.AmbientOcclusionMipLevelFactor:0.4]]
[2019.06.19-15.44.53:326][  0]LogConfig: Setting CVar [[r.AmbientOcclusionMaxQuality:100]]
[2019.06.19-15.44.53:326][  0]LogConfig: Setting CVar [[r.AmbientOcclusionLevels:-1]]
[2019.06.19-15.44.53:326][  0]LogConfig: Setting CVar [[r.AmbientOcclusionRadiusScale:1.0]]
[2019.06.19-15.44.53:326][  0]LogConfig: Setting CVar [[r.DepthOfFieldQuality:2]]
[2019.06.19-15.44.53:326][  0]LogConfig: Setting CVar [[r.RenderTargetPoolMin:400]]
[2019.06.19-15.44.53:326][  0]LogConfig: Setting CVar [[r.LensFlareQuality:2]]
[2019.06.19-15.44.53:326][  0]LogConfig: Setting CVar [[r.SceneColorFringeQuality:1]]
[2019.06.19-15.44.53:326][  0]LogConfig: Setting CVar [[r.EyeAdaptationQuality:2]]
[2019.06.19-15.44.53:326][  0]LogConfig: Setting CVar [[r.BloomQuality:5]]
[2019.06.19-15.44.53:326][  0]LogConfig: Setting CVar [[r.FastBlurThreshold:100]]
[2019.06.19-15.44.53:326][  0]LogConfig: Setting CVar [[r.Upscale.Quality:3]]
[2019.06.19-15.44.53:326][  0]LogConfig: Setting CVar [[r.Tonemapper.GrainQuantization:1]]
[2019.06.19-15.44.53:326][  0]LogConfig: Setting CVar [[r.LightShaftQuality:1]]
[2019.06.19-15.44.53:326][  0]LogConfig: Setting CVar [[r.Filter.SizeScale:1]]
[2019.06.19-15.44.53:326][  0]LogConfig: Setting CVar [[r.Tonemapper.Quality:5]]
[2019.06.19-15.44.53:326][  0]LogConfig: Setting CVar [[r.DOF.Gather.AccumulatorQuality:1        ; higher gathering accumulator quality]]
[2019.06.19-15.44.53:326][  0]LogConfig: Setting CVar [[r.DOF.Gather.PostfilterMethod:1          ; Median3x3 postfilering method]]
[2019.06.19-15.44.53:326][  0]LogConfig: Setting CVar [[r.DOF.Gather.EnableBokehSettings:0       ; no bokeh simulation when gathering]]
[2019.06.19-15.44.53:326][  0]LogConfig: Setting CVar [[r.DOF.Gather.RingCount:4                 ; medium number of samples when gathering]]
[2019.06.19-15.44.53:326][  0]LogConfig: Setting CVar [[r.DOF.Scatter.ForegroundCompositing:1    ; additive foreground scattering]]
[2019.06.19-15.44.53:326][  0]LogConfig: Setting CVar [[r.DOF.Scatter.BackgroundCompositing:2    ; additive background scattering]]
[2019.06.19-15.44.53:326][  0]LogConfig: Setting CVar [[r.DOF.Scatter.EnableBokehSettings:1      ; bokeh simulation when scattering]]
[2019.06.19-15.44.53:326][  0]LogConfig: Setting CVar [[r.DOF.Scatter.MaxSpriteRatio:0.1         ; only a maximum of 10% of scattered bokeh]]
[2019.06.19-15.44.53:326][  0]LogConfig: Setting CVar [[r.DOF.Recombine.Quality:1                ; cheap slight out of focus]]
[2019.06.19-15.44.53:326][  0]LogConfig: Setting CVar [[r.DOF.Recombine.EnableBokehSettings:0    ; no bokeh simulation on slight out of focus]]
[2019.06.19-15.44.53:326][  0]LogConfig: Setting CVar [[r.DOF.TemporalAAQuality:1                ; more stable temporal accumulation]]
[2019.06.19-15.44.53:326][  0]LogConfig: Setting CVar [[r.DOF.Kernel.MaxForegroundRadius:0.025]]
[2019.06.19-15.44.53:326][  0]LogConfig: Setting CVar [[r.DOF.Kernel.MaxBackgroundRadius:0.025]]
[2019.06.19-15.44.53:326][  0]LogConfig: Applying CVar settings from Section [TextureQuality@3] File [C:/Users/naomi/Documents/GitHub/summerAssetPipe/cityBlockProj/Saved/Config/Windows/Scalability.ini]
[2019.06.19-15.44.53:327][  0]LogConfig: Setting CVar [[r.Streaming.MipBias:0]]
[2019.06.19-15.44.53:327][  0]LogConfig: Setting CVar [[r.Streaming.AmortizeCPUToGPUCopy:0]]
[2019.06.19-15.44.53:327][  0]LogConfig: Setting CVar [[r.Streaming.MaxNumTexturesToStreamPerFrame:0]]
[2019.06.19-15.44.53:327][  0]LogConfig: Setting CVar [[r.Streaming.Boost:1]]
[2019.06.19-15.44.53:327][  0]LogConfig: Setting CVar [[r.MaxAnisotropy:8]]
[2019.06.19-15.44.53:327][  0]LogConfig: Setting CVar [[r.Streaming.LimitPoolSizeToVRAM:0]]
[2019.06.19-15.44.53:327][  0]LogConfig: Setting CVar [[r.Streaming.PoolSize:1000]]
[2019.06.19-15.44.53:327][  0]LogConfig: Setting CVar [[r.Streaming.MaxEffectiveScreenSize:0]]
[2019.06.19-15.44.53:327][  0]LogConfig: Applying CVar settings from Section [EffectsQuality@3] File [C:/Users/naomi/Documents/GitHub/summerAssetPipe/cityBlockProj/Saved/Config/Windows/Scalability.ini]
[2019.06.19-15.44.53:327][  0]LogConfig: Setting CVar [[r.TranslucencyLightingVolumeDim:64]]
[2019.06.19-15.44.53:327][  0]LogConfig: Setting CVar [[r.RefractionQuality:2]]
[2019.06.19-15.44.53:327][  0]LogConfig: Setting CVar [[r.SSR.Quality:3]]
[2019.06.19-15.44.53:327][  0]LogConfig: Setting CVar [[r.SceneColorFormat:4]]
[2019.06.19-15.44.53:327][  0]LogConfig: Setting CVar [[r.DetailMode:2]]
[2019.06.19-15.44.53:327][  0]LogConfig: Setting CVar [[r.TranslucencyVolumeBlur:1]]
[2019.06.19-15.44.53:327][  0]LogConfig: Setting CVar [[r.MaterialQualityLevel:1 ; High quality]]
[2019.06.19-15.44.53:327][  0]LogConfig: Setting CVar [[r.SSS.Scale:1]]
[2019.06.19-15.44.53:327][  0]LogConfig: Setting CVar [[r.SSS.SampleSet:2]]
[2019.06.19-15.44.53:327][  0]LogConfig: Setting CVar [[r.SSS.Quality:1]]
[2019.06.19-15.44.53:327][  0]LogConfig: Setting CVar [[r.SSS.HalfRes:1]]
[2019.06.19-15.44.53:327][  0]LogConfig: Setting CVar [[r.EmitterSpawnRateScale:1.0]]
[2019.06.19-15.44.53:327][  0]LogConfig: Setting CVar [[r.ParticleLightQuality:2]]
[2019.06.19-15.44.53:327][  0]LogConfig: Applying CVar settings from Section [FoliageQuality@3] File [C:/Users/naomi/Documents/GitHub/summerAssetPipe/cityBlockProj/Saved/Config/Windows/Scalability.ini]
[2019.06.19-15.44.53:327][  0]LogConfig: Setting CVar [[foliage.DensityScale:1.0]]
[2019.06.19-15.44.53:327][  0]LogConfig: Setting CVar [[grass.DensityScale:1.0]]
[2019.06.19-15.44.53:327][  0]LogConfig: Applying CVar settings from Section [Startup] File [../../../Engine/Config/ConsoleVariables.ini]
[2019.06.19-15.44.53:333][  0]LogConfig: Setting CVar [[net.UseAdaptiveNetUpdateFrequency:0]]
[2019.06.19-15.44.53:333][  0]LogConfig: Setting CVar [[p.chaos.AllowCreatePhysxBodies:1]]
[2019.06.19-15.44.53:333][  0]LogConfig: Applying CVar settings from Section [ConsoleVariables] File [C:/Users/naomi/Documents/GitHub/summerAssetPipe/cityBlockProj/Saved/Config/Windows/Engine.ini]
[2019.06.19-15.44.53:333][  0]LogInit: Computer: LAPTOP-F4ODGEUJ
[2019.06.19-15.44.53:333][  0]LogInit: User: naomi
[2019.06.19-15.44.53:333][  0]LogInit: CPU Page size=4096, Cores=6
[2019.06.19-15.44.53:333][  0]LogInit: High frequency timer resolution =10.000000 MHz
[2019.06.19-15.44.53:333][  0]LogMemory: Memory total: Physical=15.9GB (16GB approx)
[2019.06.19-15.44.53:333][  0]LogMemory: Platform Memory Stats for Windows
[2019.06.19-15.44.53:333][  0]LogMemory: Process Physical Memory: 96.73 MB used, 96.73 MB peak
[2019.06.19-15.44.53:333][  0]LogMemory: Process Virtual Memory: 91.25 MB used, 91.25 MB peak
[2019.06.19-15.44.53:333][  0]LogMemory: Physical Memory: 5986.40 MB used,  10297.61 MB free, 16284.01 MB total
[2019.06.19-15.44.53:333][  0]LogMemory: Virtual Memory: 4676.18 MB used,  134213048.00 MB free, 134217728.00 MB total
[2019.06.19-15.44.53:469][  0]LogInit: Using OS detected language (en-US).
[2019.06.19-15.44.53:469][  0]LogInit: Using OS detected locale (en-US).
[2019.06.19-15.44.53:470][  0]LogTextLocalizationManager: No specific localization for 'en-US' exists, so the 'en' localization will be used.
[2019.06.19-15.44.53:736][  0]LogInit: Setting process to per monitor DPI aware
[2019.06.19-15.44.53:785][  0]LogSlate: New Slate User Created.  User Index 0, Is Virtual User: 0
[2019.06.19-15.44.53:785][  0]LogSlate: Slate User Registered.  User Index 0, Is Virtual User: 0
[2019.06.19-15.44.55:273][  0]LogHMD: Failed to initialize OpenVR with code 110
[2019.06.19-15.44.55:273][  0]LogD3D11RHI: D3D11 adapters:
[2019.06.19-15.44.56:196][  0]LogD3D11RHI:    0. 'NVIDIA GeForce GTX 1060 with Max-Q Design' (Feature Level 11_0)
[2019.06.19-15.44.56:196][  0]LogD3D11RHI:       6052/0/8142 MB DedicatedVideo/DedicatedSystem/SharedSystem, Outputs:1, VendorId:0x10de
[2019.06.19-15.44.56:238][  0]LogD3D11RHI:    1. 'Intel(R) UHD Graphics 630' (Feature Level 11_0)
[2019.06.19-15.44.56:238][  0]LogD3D11RHI:       128/0/8142 MB DedicatedVideo/DedicatedSystem/SharedSystem, Outputs:0, VendorId:0x8086
[2019.06.19-15.44.56:244][  0]LogD3D11RHI:    2. 'Microsoft Basic Render Driver' (Feature Level 11_0)
[2019.06.19-15.44.56:244][  0]LogD3D11RHI:       0/0/8142 MB DedicatedVideo/DedicatedSystem/SharedSystem, Outputs:0, VendorId:0x1414
[2019.06.19-15.44.56:244][  0]LogD3D11RHI: Chosen D3D11 Adapter: 0
[2019.06.19-15.44.56:289][  0]LogD3D11RHI: Creating new Direct3DDevice
[2019.06.19-15.44.56:289][  0]LogD3D11RHI:     GPU DeviceId: 0x1c20 (for the marketing name, search the web for "GPU Device Id")
[2019.06.19-15.44.56:289][  0]LogWindows: EnumDisplayDevices:
[2019.06.19-15.44.56:289][  0]LogWindows:    0. 'Intel(R) UHD Graphics 630' (P:1 D:1)
[2019.06.19-15.44.56:289][  0]LogWindows:    1. 'Intel(R) UHD Graphics 630' (P:0 D:0)
[2019.06.19-15.44.56:290][  0]LogWindows:    2. 'Intel(R) UHD Graphics 630' (P:0 D:0)
[2019.06.19-15.44.56:290][  0]LogWindows:    3. 'NVIDIA GeForce GTX 1060 with Max-Q Design' (P:0 D:0)
[2019.06.19-15.44.56:290][  0]LogWindows:    4. 'NVIDIA GeForce GTX 1060 with Max-Q Design' (P:0 D:0)
[2019.06.19-15.44.56:290][  0]LogWindows:    5. 'NVIDIA GeForce GTX 1060 with Max-Q Design' (P:0 D:0)
[2019.06.19-15.44.56:291][  0]LogWindows:    6. 'NVIDIA GeForce GTX 1060 with Max-Q Design' (P:0 D:0)
[2019.06.19-15.44.56:291][  0]LogWindows: DebugString: PrimaryIsNotTheChoosenAdapter PrimaryIsNotTheChoosenAdapter PrimaryIsNotTheChoosenAdapter FoundDriverCount:4 
[2019.06.19-15.44.56:291][  0]LogD3D11RHI:     Adapter Name: NVIDIA GeForce GTX 1060 with Max-Q Design
[2019.06.19-15.44.56:291][  0]LogD3D11RHI:   Driver Version: 399.42 (internal:24.21.13.9942, unified:399.42)
[2019.06.19-15.44.56:291][  0]LogD3D11RHI:      Driver Date: 10-12-2018
[2019.06.19-15.44.56:291][  0]LogRHI: Texture pool is 4236 MB (70% of 6052 MB)
[2019.06.19-15.44.56:322][  0]LogD3D11RHI: Async texture creation enabled
[2019.06.19-15.44.56:324][  0]LogRendererCore: FGlobalReadBuffer::InitRHI
[2019.06.19-15.44.56:325][  0]LogRendererCore: FGlobalReadBuffer::InitRHI
[2019.06.19-15.44.56:325][  0]LogRendererCore: FGlobalReadBuffer::InitRHI
[2019.06.19-15.44.56:338][  0]LogD3D11RHI: GPU Timing Frequency: 1000.000000 (Debug: 2 2)
[2019.06.19-15.44.56:681][  0]LogTemp: Display: Module 'AllDesktopTargetPlatform' loaded TargetPlatform 'AllDesktop'
[2019.06.19-15.44.56:693][  0]LogTemp: Display: Module 'MacClientTargetPlatform' loaded TargetPlatform 'MacClient'
[2019.06.19-15.44.56:704][  0]LogTemp: Display: Module 'MacNoEditorTargetPlatform' loaded TargetPlatform 'MacNoEditor'
[2019.06.19-15.44.56:716][  0]LogTemp: Display: Module 'MacServerTargetPlatform' loaded TargetPlatform 'MacServer'
[2019.06.19-15.44.56:731][  0]LogTemp: Display: Module 'MacTargetPlatform' loaded TargetPlatform 'Mac'
[2019.06.19-15.44.56:743][  0]LogTemp: Display: Module 'WindowsClientTargetPlatform' loaded TargetPlatform 'WindowsClient'
[2019.06.19-15.44.56:755][  0]LogTemp: Display: Module 'WindowsNoEditorTargetPlatform' loaded TargetPlatform 'WindowsNoEditor'
[2019.06.19-15.44.56:767][  0]LogTemp: Display: Module 'WindowsServerTargetPlatform' loaded TargetPlatform 'WindowsServer'
[2019.06.19-15.44.56:774][  0]LogTemp: Display: Module 'WindowsTargetPlatform' loaded TargetPlatform 'Windows'
[2019.06.19-15.44.56:846][  0]LogTemp: Display: Module 'AndroidTargetPlatform' loaded TargetPlatform 'Android'
[2019.06.19-15.44.56:846][  0]LogTemp: Display: Module 'AndroidTargetPlatform' loaded TargetPlatform 'Android_ASTC'
[2019.06.19-15.44.56:846][  0]LogTemp: Display: Module 'AndroidTargetPlatform' loaded TargetPlatform 'Android_ATC'
[2019.06.19-15.44.56:846][  0]LogTemp: Display: Module 'AndroidTargetPlatform' loaded TargetPlatform 'Android_DXT'
[2019.06.19-15.44.56:846][  0]LogTemp: Display: Module 'AndroidTargetPlatform' loaded TargetPlatform 'Android_ETC1'
[2019.06.19-15.44.56:846][  0]LogTemp: Display: Module 'AndroidTargetPlatform' loaded TargetPlatform 'Android_ETC1a'
[2019.06.19-15.44.56:846][  0]LogTemp: Display: Module 'AndroidTargetPlatform' loaded TargetPlatform 'Android_ETC2'
[2019.06.19-15.44.56:846][  0]LogTemp: Display: Module 'AndroidTargetPlatform' loaded TargetPlatform 'Android_PVRTC'
[2019.06.19-15.44.56:846][  0]LogTemp: Display: Module 'AndroidTargetPlatform' loaded TargetPlatform 'AndroidClient'
[2019.06.19-15.44.56:846][  0]LogTemp: Display: Module 'AndroidTargetPlatform' loaded TargetPlatform 'Android_ASTCClient'
[2019.06.19-15.44.56:846][  0]LogTemp: Display: Module 'AndroidTargetPlatform' loaded TargetPlatform 'Android_ATCClient'
[2019.06.19-15.44.56:846][  0]LogTemp: Display: Module 'AndroidTargetPlatform' loaded TargetPlatform 'Android_DXTClient'
[2019.06.19-15.44.56:846][  0]LogTemp: Display: Module 'AndroidTargetPlatform' loaded TargetPlatform 'Android_ETC1Client'
[2019.06.19-15.44.56:846][  0]LogTemp: Display: Module 'AndroidTargetPlatform' loaded TargetPlatform 'Android_ETC1aClient'
[2019.06.19-15.44.56:846][  0]LogTemp: Display: Module 'AndroidTargetPlatform' loaded TargetPlatform 'Android_ETC2Client'
[2019.06.19-15.44.56:846][  0]LogTemp: Display: Module 'AndroidTargetPlatform' loaded TargetPlatform 'Android_PVRTCClient'
[2019.06.19-15.44.56:846][  0]LogTemp: Display: Module 'AndroidTargetPlatform' loaded TargetPlatform 'Android_Multi'
[2019.06.19-15.44.56:846][  0]LogTemp: Display: Module 'AndroidTargetPlatform' loaded TargetPlatform 'Android_MultiClient'
[2019.06.19-15.44.56:848][  0]LogTemp: Display: Module 'HTML5TargetPlatform' loaded TargetPlatform 'HTML5'
[2019.06.19-15.44.56:900][  0]LogTemp: Display: Module 'IOSTargetPlatform' loaded TargetPlatform 'IOSClient'
[2019.06.19-15.44.56:900][  0]LogTemp: Display: Module 'IOSTargetPlatform' loaded TargetPlatform 'IOS'
[2019.06.19-15.44.56:920][  0]LogTemp: Display: Module 'TVOSTargetPlatform' loaded TargetPlatform 'TVOSClient'
[2019.06.19-15.44.56:920][  0]LogTemp: Display: Module 'TVOSTargetPlatform' loaded TargetPlatform 'TVOS'
[2019.06.19-15.44.56:930][  0]LogTemp: Display: Module 'LinuxClientTargetPlatform' loaded TargetPlatform 'LinuxClient'
[2019.06.19-15.44.56:940][  0]LogTemp: Display: Module 'LinuxNoEditorTargetPlatform' loaded TargetPlatform 'LinuxNoEditor'
[2019.06.19-15.44.56:950][  0]LogTemp: Display: Module 'LinuxServerTargetPlatform' loaded TargetPlatform 'LinuxServer'
[2019.06.19-15.44.56:966][  0]LogTemp: Display: Module 'LinuxTargetPlatform' loaded TargetPlatform 'Linux'
[2019.06.19-15.44.57:003][  0]LogTemp: Display: Module 'LuminTargetPlatform' loaded TargetPlatform 'Lumin'
[2019.06.19-15.44.57:003][  0]LogTemp: Display: Module 'LuminTargetPlatform' loaded TargetPlatform 'LuminClient'
[2019.06.19-15.44.57:003][  0]LogTargetPlatformManager: Display: Building Assets For Windows
[2019.06.19-15.44.57:035][  0]LogAudioDebug: Display: Lib vorbis DLL was dynamically loaded.
[2019.06.19-15.44.57:106][  0]LogShaderCompilers: Guid format shader working directory is -31 characters bigger than the processId version (../../../../../../Users/naomi/Documents/GitHub/summerAssetPipe/cityBlockProj/Intermediate/Shaders/WorkingDirectory/17152/).
[2019.06.19-15.44.57:106][  0]LogShaderCompilers: Cleaned the shader compiler working directory 'C:/Users/naomi/AppData/Local/Temp/UnrealShaderWorkingDir/88B8B06342F1FACC02B28993E66A7A48/'.
[2019.06.19-15.44.57:108][  0]LogXGEController: Cleaning working directory: C:/Users/naomi/AppData/Local/Temp/UnrealXGEWorkingDir/
[2019.06.19-15.44.57:109][  0]LogXGEController: Cannot use XGE Controller as Incredibuild is not installed on this machine.
[2019.06.19-15.44.57:109][  0]LogShaderCompilers: Cannot use XGE Shader Compiler as Incredibuild is not installed on this machine.
[2019.06.19-15.44.57:109][  0]LogShaderCompilers: Display: Using Local Shader Compiler.
[2019.06.19-15.44.58:610][  0]LogDerivedDataCache: Display: Max Cache Size: 512 MB
[2019.06.19-15.44.58:684][  0]LogDerivedDataCache: Loaded boot cache 0.07s 71MB C:/Users/naomi/AppData/Local/UnrealEngine/4.22/DerivedDataCache/Boot.ddc.
[2019.06.19-15.44.58:684][  0]LogDerivedDataCache: Display: Loaded Boot cache: C:/Users/naomi/AppData/Local/UnrealEngine/4.22/DerivedDataCache/Boot.ddc
[2019.06.19-15.44.58:684][  0]LogDerivedDataCache: FDerivedDataBackendGraph:  Pak pak cache file ../../../../../../Users/naomi/Documents/GitHub/summerAssetPipe/cityBlockProj/DerivedDataCache/DDC.ddp not found, will not use a pak cache.
[2019.06.19-15.44.58:684][  0]LogDerivedDataCache: Unable to find inner node Pak for hierarchical cache Hierarchy.
[2019.06.19-15.44.58:684][  0]LogDerivedDataCache: FDerivedDataBackendGraph:  CompressedPak pak cache file ../../../../../../Users/naomi/Documents/GitHub/summerAssetPipe/cityBlockProj/DerivedDataCache/Compressed.ddp not found, will not use a pak cache.
[2019.06.19-15.44.58:684][  0]LogDerivedDataCache: Unable to find inner node CompressedPak for hierarchical cache Hierarchy.
[2019.06.19-15.44.58:701][  0]LogDerivedDataCache: Display: Pak cache opened for reading ../../../Engine/DerivedDataCache/Compressed.ddp.
[2019.06.19-15.44.58:701][  0]LogDerivedDataCache: FDerivedDataBackendGraph:  EnterprisePak pak cache file ../../../Enterprise/DerivedDataCache/Compressed.ddp not found, will not use a pak cache.
[2019.06.19-15.44.58:701][  0]LogDerivedDataCache: Unable to find inner node EnterprisePak for hierarchical cache Hierarchy.
[2019.06.19-15.44.58:713][  0]LogDerivedDataCache: Using Local data cache path C:/Users/naomi/AppData/Local/UnrealEngine/Common/DerivedDataCache: Writable
[2019.06.19-15.44.58:713][  0]LogDerivedDataCache: Shared data cache path not found in *engine.ini, will not use an Shared cache.
[2019.06.19-15.44.58:713][  0]LogDerivedDataCache: Unable to find inner node Shared for hierarchical cache Hierarchy.
[2019.06.19-15.44.58:733][  0]LogMaterial: Verifying Global Shaders for PCD3D_SM5
[2019.06.19-15.44.58:734][  0]LogSlate: Using FreeType 2.6.0
[2019.06.19-15.44.58:745][  0]LogSlate: SlateFontServices - WITH_FREETYPE: 1, WITH_HARFBUZZ: 1
[2019.06.19-15.44.59:052][  0]LogAssetRegistry: FAssetRegistry took 0.0307 seconds to start up
[2019.06.19-15.44.59:353][  0]LogInit: Selected Device Profile: [Windows]
[2019.06.19-15.44.59:479][  0]LogMeshReduction: Using QuadricMeshReduction for automatic static mesh reduction
[2019.06.19-15.44.59:479][  0]LogMeshReduction: Using SimplygonMeshReduction for automatic skeletal mesh reduction
[2019.06.19-15.44.59:479][  0]LogMeshReduction: Using ProxyLODMeshReduction for automatic mesh merging
[2019.06.19-15.44.59:479][  0]LogMeshReduction: No distributed automatic mesh merging module available
[2019.06.19-15.44.59:479][  0]LogMeshMerging: No distributed automatic mesh merging module available
[2019.06.19-15.44.59:572][  0]LogNetVersion: cityBlockProj 1.0.0, NetCL: 5660361, EngineNetVer: 10, GameNetVer: 0 (Checksum: 1607221055)
[2019.06.19-15.45.00:278][  0]LogPackageLocalizationCache: Processed 10 localized package path(s) for 1 prioritized culture(s) in 0.046020 seconds
[2019.06.19-15.45.00:284][  0]LogUObjectArray: 42205 objects as part of root set at end of initial load.
[2019.06.19-15.45.00:284][  0]LogUObjectAllocator: 7325032 out of 0 bytes used by permanent object pool.
[2019.06.19-15.45.00:284][  0]LogUObjectArray: CloseDisregardForGC: 0/0 objects in disregard for GC pool
[2019.06.19-15.45.03:231][  0]LogTcpMessaging: Initializing TcpMessaging bridge
[2019.06.19-15.45.03:243][  0]LogUdpMessaging: Initializing bridge on interface 0.0.0.0:0 to multicast group 230.0.0.1:6666.
[2019.06.19-15.45.03:363][  0]SourceControl: Source control is disabled
[2019.06.19-15.45.03:363][  0]SourceControl: Source control is disabled
[2019.06.19-15.45.03:365][  0]SourceControl: Source control is disabled
[2019.06.19-15.45.03:367][  0]SourceControl: Source control is disabled
[2019.06.19-15.45.03:376][  0]LogVSAccessor: Display: Unable to create Visual Studio setup instance: 80040154
[2019.06.19-15.45.03:377][  0]LogVSAccessor: Display: Unable to create Visual Studio setup instance: 80040154
[2019.06.19-15.45.03:476][  0]LogAndroidPermission: UAndroidPermissionCallbackProxy::GetInstance
[2019.06.19-15.45.03:543][  0]LogOcInput: OculusInput pre-init called
[2019.06.19-15.45.04:165][  0]LogEngine: Initializing Engine...
[2019.06.19-15.45.04:166][  0]LogHMD: Failed to initialize OpenVR with code 110
[2019.06.19-15.45.04:167][  0]LogStats: UGameplayTagsManager::InitializeManager -  0.000 s
[2019.06.19-15.45.04:355][  0]LogInit: Initializing FReadOnlyCVARCache
[2019.06.19-15.45.04:372][  0]LogAIModule: Creating AISystem for world Untitled
[2019.06.19-15.45.04:381][  0]LogInit: XAudio2 using 'Speakers (Realtek(R) Audio)' : 2 channels at 48 kHz using 32 bits per sample (channel mask 0x3)
[2019.06.19-15.45.05:379][  0]LogInit: FAudioDevice initialized.
[2019.06.19-15.45.05:379][  0]LogNetVersion: Set ProjectVersion to 1.0.0.0. Version Checksum will be recalculated on next use.
[2019.06.19-15.45.05:418][  0]LogDerivedDataCache: Saved boot cache 0.04s 71MB C:/Users/naomi/AppData/Local/UnrealEngine/4.22/DerivedDataCache/Boot.ddc.
[2019.06.19-15.45.05:422][  0]LogInit: Texture streaming: Enabled
[2019.06.19-15.45.05:438][  0]LogEngineSessionManager: EngineSessionManager initialized
[2019.06.19-15.45.05:456][  0]LogInit: Transaction tracking system initialized
[2019.06.19-15.45.05:476][  0]BlueprintLog: New page: Editor Load
[2019.06.19-15.45.05:573][  0]LocalizationService: Localization service is disabled
[2019.06.19-15.45.05:711][  0]LogVSAccessor: Display: Unable to create Visual Studio setup instance: 80040154
[2019.06.19-15.45.05:712][  0]LogVSAccessor: Display: Unable to create Visual Studio setup instance: 80040154
[2019.06.19-15.45.05:873][  0]LogFileCache: Scanning file cache for directory 'C:/Users/naomi/Documents/GitHub/summerAssetPipe/cityBlockProj/Content/' took 0.01s
[2019.06.19-15.45.05:873][  0]LogCook: Display: Max memory allowance for cook 16384mb min free memory 0mb
[2019.06.19-15.45.05:873][  0]LogCook: Display: Mobile HDR setting 1
[2019.06.19-15.45.06:141][  0]SourceControl: Source control is disabled
[2019.06.19-15.45.06:141][  0]Cmd: MAP LOAD FILE="../../../Engine/Content/Maps/Templates/Template_Default.umap" TEMPLATE=1 SHOWPROGRESS=1 FEATURELEVEL=3
[2019.06.19-15.45.06:142][  0]LightingResults: New page: Lighting Build
[2019.06.19-15.45.06:144][  0]MapCheck: New page: Map Check
[2019.06.19-15.45.06:144][  0]LightingResults: New page: Lighting Build
[2019.06.19-15.45.06:172][  0]LogUObjectHash: Compacting FUObjectHashTables data took   1.63ms
[2019.06.19-15.45.06:241][  0]LogAIModule: Creating AISystem for world Untitled_1
[2019.06.19-15.45.06:246][  0]LogEditorServer: Finished looking for orphan Actors (0.000 secs)
[2019.06.19-15.45.06:278][  0]LogUObjectHash: Compacting FUObjectHashTables data took   1.94ms
[2019.06.19-15.45.06:278][  0]Cmd: MAP CHECKDEP NOCLEARLOG
[2019.06.19-15.45.06:278][  0]MapCheck: Map check complete: 0 Error(s), 0 Warning(s), took 0.117ms to complete.
[2019.06.19-15.45.06:278][  0]LogFileHelpers: Loading map 'Template_Default' took 0.137
[2019.06.19-15.45.06:471][  0]LogSlate: Updating window title bar state: overlay mode, drag disabled, window buttons hidden, title bar hidden
[2019.06.19-15.45.06:477][  0]LogSlate: Updating window title bar state: overlay mode, drag disabled, window buttons hidden, title bar hidden
[2019.06.19-15.45.06:483][  0]LogSlate: Updating window title bar state: overlay mode, drag disabled, window buttons hidden, title bar hidden
[2019.06.19-15.45.06:489][  0]LogSlate: Updating window title bar state: overlay mode, drag disabled, window buttons hidden, title bar hidden
[2019.06.19-15.45.06:498][  0]LogCollectionManager: Loaded 0 collections in 0.001549 seconds
[2019.06.19-15.45.06:515][  0]LogFileCache: Scanning file cache for directory 'C:/Users/naomi/Documents/GitHub/summerAssetPipe/cityBlockProj/Saved/Collections/' took 0.01s
[2019.06.19-15.45.06:515][  0]LogFileCache: Scanning file cache for directory 'C:/Users/naomi/Documents/GitHub/summerAssetPipe/cityBlockProj/Content/Developers/naomi/Collections/' took 0.00s
[2019.06.19-15.45.06:515][  0]LogFileCache: Scanning file cache for directory 'C:/Users/naomi/Documents/GitHub/summerAssetPipe/cityBlockProj/Content/Collections/' took 0.00s
[2019.06.19-15.45.06:515][  0]LogCollectionManager: Rebuilt the GUID cache for 0 collections in 0.000001 seconds
[2019.06.19-15.45.06:522][  0]LogContentBrowser: Native class hierarchy populated in 0.0071 seconds. Added 2732 classes and 659 folders.
[2019.06.19-15.45.06:528][  0]LogContentBrowser: Native class hierarchy updated for 'WidgetCarousel' in 0.0002 seconds. Added 0 classes and 0 folders.
[2019.06.19-15.45.06:536][  0]LogPakFile: Registered encryption key '00000000000000000000000000000000': 0 pak files mounted, 0 remain pending
[2019.06.19-15.45.06:541][  0]LogPakFile: Registered encryption key '00000000000000000000000000000000': 0 pak files mounted, 0 remain pending
[2019.06.19-15.45.06:552][  0]LogPakFile: Registered encryption key '00000000000000000000000000000000': 0 pak files mounted, 0 remain pending
[2019.06.19-15.45.06:557][  0]LogPakFile: Registered encryption key '00000000000000000000000000000000': 0 pak files mounted, 0 remain pending
[2019.06.19-15.45.06:562][  0]LogPakFile: Registered encryption key '00000000000000000000000000000000': 0 pak files mounted, 0 remain pending
[2019.06.19-15.45.06:566][  0]LogPakFile: Registered encryption key '00000000000000000000000000000000': 0 pak files mounted, 0 remain pending
[2019.06.19-15.45.06:570][  0]LogPakFile: Registered encryption key '00000000000000000000000000000000': 0 pak files mounted, 0 remain pending
[2019.06.19-15.45.06:574][  0]LogPakFile: Registered encryption key '00000000000000000000000000000000': 0 pak files mounted, 0 remain pending
[2019.06.19-15.45.06:579][  0]LogPakFile: Registered encryption key '00000000000000000000000000000000': 0 pak files mounted, 0 remain pending
[2019.06.19-15.45.06:585][  0]LogPakFile: Registered encryption key '00000000000000000000000000000000': 0 pak files mounted, 0 remain pending
[2019.06.19-15.45.06:590][  0]LogPakFile: Registered encryption key '00000000000000000000000000000000': 0 pak files mounted, 0 remain pending
[2019.06.19-15.45.06:595][  0]LogPakFile: Registered encryption key '00000000000000000000000000000000': 0 pak files mounted, 0 remain pending
[2019.06.19-15.45.06:600][  0]LogPakFile: Registered encryption key '00000000000000000000000000000000': 0 pak files mounted, 0 remain pending
[2019.06.19-15.45.06:606][  0]LogPakFile: Registered encryption key '00000000000000000000000000000000': 0 pak files mounted, 0 remain pending
[2019.06.19-15.45.06:610][  0]LogPakFile: Registered encryption key '00000000000000000000000000000000': 0 pak files mounted, 0 remain pending
[2019.06.19-15.45.06:615][  0]LogPakFile: Registered encryption key '00000000000000000000000000000000': 0 pak files mounted, 0 remain pending
[2019.06.19-15.45.06:638][  0]LogPakFile: Registered encryption key '00000000000000000000000000000000': 0 pak files mounted, 0 remain pending
[2019.06.19-15.45.06:644][  0]LogPakFile: Registered encryption key '00000000000000000000000000000000': 0 pak files mounted, 0 remain pending
[2019.06.19-15.45.06:648][  0]LogPakFile: Registered encryption key '00000000000000000000000000000000': 0 pak files mounted, 0 remain pending
[2019.06.19-15.45.06:653][  0]LogPakFile: Registered encryption key '00000000000000000000000000000000': 0 pak files mounted, 0 remain pending
[2019.06.19-15.45.06:658][  0]LogPakFile: Registered encryption key '00000000000000000000000000000000': 0 pak files mounted, 0 remain pending
[2019.06.19-15.45.06:662][  0]LogPakFile: Registered encryption key '00000000000000000000000000000000': 0 pak files mounted, 0 remain pending
[2019.06.19-15.45.06:667][  0]LogPakFile: Registered encryption key '00000000000000000000000000000000': 0 pak files mounted, 0 remain pending
[2019.06.19-15.45.06:672][  0]LogPakFile: Registered encryption key '00000000000000000000000000000000': 0 pak files mounted, 0 remain pending
[2019.06.19-15.45.06:676][  0]LogPakFile: Registered encryption key '00000000000000000000000000000000': 0 pak files mounted, 0 remain pending
[2019.06.19-15.45.06:681][  0]LogPakFile: Registered encryption key '00000000000000000000000000000000': 0 pak files mounted, 0 remain pending
[2019.06.19-15.45.06:808][  0]LogContentBrowser: Native class hierarchy updated for 'AddContentDialog' in 0.0002 seconds. Added 0 classes and 0 folders.
[2019.06.19-15.45.06:815][  0]LogContentBrowser: Native class hierarchy updated for 'SceneOutliner' in 0.0002 seconds. Added 1 classes and 2 folders.
[2019.06.19-15.45.06:832][  0]LogSlate: Took 0.002873 seconds to synchronously load lazily loaded font '../../../Engine/Content/Slate/Fonts/Roboto-Regular.ttf' (155K)
[2019.06.19-15.45.06:840][  0]LogSlate: Took 0.006062 seconds to synchronously load lazily loaded font '../../../Engine/Content/Slate/Fonts/Roboto-Bold.ttf' (160K)
[2019.06.19-15.45.06:849][  0]LogSlate: Took 0.004952 seconds to synchronously load lazily loaded font '../../../Engine/Content/Editor/Slate/Fonts/FontAwesome.ttf' (139K)
[2019.06.19-15.45.06:951][  0]LogRenderer: Reallocating scene render targets to support 1208x572 Format 10 NumSamples 1 (Frame:1).
[2019.06.19-15.45.07:103][  0]LogContentBrowser: Native class hierarchy updated for 'HierarchicalLODOutliner' in 0.0003 seconds. Added 0 classes and 0 folders.
[2019.06.19-15.45.07:103][  0]LogLoad: (Engine Initialization) Total time: 17.22 seconds
[2019.06.19-15.45.07:103][  0]LogLoad: (Engine Initialization) Total Blueprint compile time: 0.00 seconds
[2019.06.19-15.45.07:146][  0]LogAssetRegistry: Asset discovery search completed in 8.1163 seconds
[2019.06.19-15.45.07:150][  0]LogCollectionManager: Rebuilt the object cache for 0 collections in 0.000000 seconds (found 0 objects)
[2019.06.19-15.45.07:150][  0]LogCollectionManager: Fixed up redirectors for 0 collections in 0.000068 seconds (updated 0 objects)
[2019.06.19-15.45.07:151][  0]LogContentStreaming: Texture pool size now 1000 MB
[2019.06.19-15.45.07:168][  0]LogSlate: Took 0.000100 seconds to synchronously load lazily loaded font '../../../Engine/Content/Slate/Fonts/Roboto-Light.ttf' (167K)
[2019.06.19-15.45.13:165][ 19]LogTemp: IOS device listing is disabled (to many failed attempts)!
[2019.06.19-15.46.18:386][374]LogSlate: FSceneViewport::OnFocusLost() reason 0
[2019.06.19-15.46.18:556][384]LogSlate: Took 0.000202 seconds to synchronously load lazily loaded font '../../../Engine/Content/Slate/Fonts/Roboto-Light.ttf' (167K)
[2019.06.19-15.46.19:239][384]LogAIModule: Creating AISystem for world streetlevel
[2019.06.19-15.46.19:319][384]LogAssetEditorManager: Opening Asset editor for World /Game/streetlevel.streetlevel
[2019.06.19-15.46.19:347][384]LogUObjectHash: Compacting FUObjectHashTables data took   0.96ms
[2019.06.19-15.46.19:347][384]Cmd: MAP LOAD FILE="../../../../../../Users/naomi/Documents/GitHub/summerAssetPipe/cityBlockProj/Content/streetlevel.umap" TEMPLATE=0 SHOWPROGRESS=1 FEATURELEVEL=3
[2019.06.19-15.46.19:347][384]LightingResults: New page: Lighting Build
[2019.06.19-15.46.19:348][384]LoadErrors: New page: Loading map: streetlevel.umap
[2019.06.19-15.46.19:349][384]MapCheck: New page: Map Check
[2019.06.19-15.46.19:349][384]LightingResults: New page: Lighting Build
[2019.06.19-15.46.19:374][384]LogUObjectHash: Compacting FUObjectHashTables data took   1.53ms
[2019.06.19-15.46.19:389][384]LogEditorServer: Finished looking for orphan Actors (0.000 secs)
[2019.06.19-15.46.19:418][384]LogUObjectHash: Compacting FUObjectHashTables data took   0.99ms
[2019.06.19-15.46.19:436][384]Cmd: MAP CHECKDEP NOCLEARLOG
[2019.06.19-15.46.19:436][384]MapCheck: Map check complete: 0 Error(s), 0 Warning(s), took 0.165ms to complete.
[2019.06.19-15.46.19:437][384]LogFileHelpers: Loading map 'streetlevel' took 0.090
[2019.06.19-15.46.31:488][ 95]LogEditorViewport: Clicking on Actor (LMB): StaticMeshActor (tori_gate)
[2019.06.19-15.46.32:924][178]Cmd: EDIT COPY
[2019.06.19-16.00.46:574][ 64]LogSlate: FSceneViewport::OnFocusLost() reason 0
[2019.06.19-16.00.52:113][356]LogAssetEditorManager: Opening Asset editor for Material /Game/wb_materials/default.default
[2019.06.19-16.00.52:116][356]LogMaterial: Display: Missing cached shader map for material default, compiling. 
[2019.06.19-16.00.52:382][356]LogMaterial: Display: Missing cached shader map for material default, compiling. 
[2019.06.19-16.00.52:396][356]LogMaterial: Display: Missing cached shader map for material default, compiling. 
[2019.06.19-16.00.52:411][356]LogShaderCompilers: Display: Shaders left to compile 20
[2019.06.19-16.00.52:437][356]LogMaterial: Display: Missing cached shader map for material FMatExpressionPreview MaterialExpressionVectorParameter_0, compiling. 
[2019.06.19-16.00.52:469][356]LogSlate: Took 0.000224 seconds to synchronously load lazily loaded font '../../../Engine/Content/Slate/Fonts/Roboto-BoldCondensed.ttf' (158K)
[2019.06.19-16.00.52:599][357]LogSlate: Took 0.000146 seconds to synchronously load lazily loaded font '../../../Engine/Content/Slate/Fonts/Roboto-Italic.ttf' (157K)
[2019.06.19-16.00.52:991][367]LogShaderCompilers: Display: Shaders left to compile 10
[2019.06.19-16.00.54:130][402]MaterialEditorStats: Base pass shader: 109 instructions
[2019.06.19-16.00.54:130][402]MaterialEditorStats: Base pass shader with Volumetric Lightmap: 183 instructions
[2019.06.19-16.00.54:130][402]MaterialEditorStats: Base pass vertex shader: 41 instructions
[2019.06.19-16.00.54:130][402]MaterialEditorStats: Texture samplers: 3/16
[2019.06.19-16.00.55:816][494]LogSlate: Window 'default' being destroyed
[2019.06.19-16.01.01:196][772]LogAssetEditorManager: Opening Asset editor for Material /Game/wb_materials/MasterMaterial.MasterMaterial
[2019.06.19-16.01.01:200][772]LogMaterial: Display: Missing cached shader map for material MasterMaterial, compiling. 
[2019.06.19-16.01.01:265][772]LogMaterial: Display: Missing cached shader map for material MasterMaterial, compiling. 
[2019.06.19-16.01.01:279][772]LogMaterial: Display: Missing cached shader map for material MasterMaterial, compiling. 
[2019.06.19-16.01.01:308][772]LogShaderCompilers: Display: Shaders left to compile 20
[2019.06.19-16.01.01:322][772]LogMaterial: Display: Missing cached shader map for material FMatExpressionPreview MaterialExpressionTextureSampleParameter2D_1, compiling. 
[2019.06.19-16.01.01:330][772]LogMaterial: Display: Missing cached shader map for material FMatExpressionPreview MaterialExpressionTextureSampleParameter2D_0, compiling. 
[2019.06.19-16.01.01:338][772]LogMaterial: Display: Missing cached shader map for material FMatExpressionPreview MaterialExpressionVectorParameter_1, compiling. 
[2019.06.19-16.01.01:346][772]LogMaterial: Display: Missing cached shader map for material FMatExpressionPreview MaterialExpressionTextureCoordinate_0, compiling. 
[2019.06.19-16.01.01:355][772]LogMaterial: Display: Missing cached shader map for material FMatExpressionPreview MaterialExpressionTextureSampleParameter2D_2, compiling. 
[2019.06.19-16.01.01:639][774]LogShaderCompilers: Display: Shaders left to compile 20
[2019.06.19-16.01.02:346][792]LogShaderCompilers: Display: Shaders left to compile 10
[2019.06.19-16.01.03:011][809]MaterialEditorStats: Base pass shader: 117 instructions
[2019.06.19-16.01.03:011][809]MaterialEditorStats: Base pass shader with Volumetric Lightmap: 191 instructions
[2019.06.19-16.01.03:011][809]MaterialEditorStats: Base pass vertex shader: 45 instructions
[2019.06.19-16.01.03:011][809]MaterialEditorStats: Texture samplers: 5/16
[2019.06.19-16.01.03:011][809]MaterialEditorStats: Texture Lookups (Est.): VS(0), PS(2)
[2019.06.19-16.01.03:011][809]MaterialEditorStats: User interpolators: 2/4 Scalars (1/4 Vectors) (TexCoords: 2, Custom: 0)
[2019.06.19-16.01.10:799][232]LogSlate: Window 'MasterMaterial' being destroyed
[2019.06.19-16.02.17:184][518]LogAssetEditorManager: Opening Asset editor for Material /Game/wb_materials/MasterMaterial.MasterMaterial
[2019.06.19-16.02.17:187][518]LogMaterial: Display: Missing cached shader map for material PreviewMaterial_0, compiling. 
[2019.06.19-16.02.17:256][518]LogMaterial: Display: Missing cached shader map for material PreviewMaterial_0, compiling. 
[2019.06.19-16.02.17:269][518]LogMaterial: Display: Missing cached shader map for material PreviewMaterial_0, compiling. 
[2019.06.19-16.02.17:287][518]LogShaderCompilers: Display: Shaders left to compile 20
[2019.06.19-16.02.17:313][518]LogMaterial: Display: Missing cached shader map for material FMatExpressionPreview MaterialExpressionTextureSampleParameter2D_1, compiling. 
[2019.06.19-16.02.17:318][518]LogMaterial: Display: Missing cached shader map for material FMatExpressionPreview MaterialExpressionTextureSampleParameter2D_0, compiling. 
[2019.06.19-16.02.17:323][518]LogMaterial: Display: Missing cached shader map for material FMatExpressionPreview MaterialExpressionVectorParameter_1, compiling. 
[2019.06.19-16.02.17:329][518]LogMaterial: Display: Missing cached shader map for material FMatExpressionPreview MaterialExpressionTextureCoordinate_0, compiling. 
[2019.06.19-16.02.17:337][518]LogMaterial: Display: Missing cached shader map for material FMatExpressionPreview MaterialExpressionTextureSampleParameter2D_2, compiling. 
[2019.06.19-16.02.17:858][526]LogShaderCompilers: Display: Shaders left to compile 20
[2019.06.19-16.02.18:546][543]LogShaderCompilers: Display: Shaders left to compile 10
[2019.06.19-16.02.19:210][559]MaterialEditorStats: Base pass shader: 117 instructions
[2019.06.19-16.02.19:210][559]MaterialEditorStats: Base pass shader with Volumetric Lightmap: 191 instructions
[2019.06.19-16.02.19:210][559]MaterialEditorStats: Base pass vertex shader: 45 instructions
[2019.06.19-16.02.19:210][559]MaterialEditorStats: Texture samplers: 5/16
[2019.06.19-16.02.19:210][559]MaterialEditorStats: Texture Lookups (Est.): VS(0), PS(2)
[2019.06.19-16.02.19:210][559]MaterialEditorStats: User interpolators: 2/4 Scalars (1/4 Vectors) (TexCoords: 2, Custom: 0)
[2019.06.19-16.09.39:130][689]LogSlate: Window 'MasterMaterial' being destroyed
[2019.06.19-16.22.42:569][108]LogAssetEditorManager: Opening Asset editor for MaterialInstanceConstant /Game/wb_materials/gold.gold
[2019.06.19-16.22.42:680][108]LogRenderer: Reallocating scene render targets to support 1336x920 Format 10 NumSamples 1 (Frame:1).
[2019.06.19-16.23.24:409][408]LogUObjectHash: Compacting FUObjectHashTables data took   1.98ms
[2019.06.19-16.23.24:409][408]LogFileHelpers: Editor autosave (incl. sublevels) for '/Game/streetlevel' took 0.054
[2019.06.19-16.23.24:410][408]OBJ SavePackage: Generating thumbnails for [1] asset(s) in package [/Game/wb_materials/gold] ([1] browsable assets)...
[2019.06.19-16.23.24:439][408]OBJ SavePackage:     Rendered thumbnail for [MaterialInstanceConstant /Game/wb_materials/gold.gold]
[2019.06.19-16.23.24:439][408]OBJ SavePackage: Finished generating thumbnails for package [/Game/wb_materials/gold]
[2019.06.19-16.23.24:465][408]LogUObjectHash: Compacting FUObjectHashTables data took   0.92ms
[2019.06.19-16.23.24:472][408]LogMaterial: Display: Missing cached shader map for material DebugViewMode MaterialTexCoordScale, compiling. 
[2019.06.19-16.23.24:763][408]TextureStreamingBuild: Display: Compiling optional shaders took 0.298 seconds.
[2019.06.19-16.23.24:790][408]LogUObjectHash: Compacting FUObjectHashTables data took   0.57ms
[2019.06.19-16.23.24:821][408]LogSavePackage: Moving '../../../../../../Users/naomi/Documents/GitHub/summerAssetPipe/cityBlockProj/Saved/gold_Auto156D604A447AF4017CCB674B3F2EFCEFF.tmp' to '../../../../../../Users/naomi/Documents/GitHub/summerAssetPipe/cityBlockProj/Saved/Autosaves/Game/wb_materials/gold_Auto1.uasset'
[2019.06.19-16.23.24:822][408]LogFileHelpers: Auto-saving content packages took 0.413
[2019.06.19-16.24.22:275][526]LogSlate: Window 'Color Picker' being destroyed
[2019.06.19-16.24.24:223][640]Cmd: OBJ SAVEPACKAGE PACKAGE="/Game/wb_materials/gold" FILE="../../../../../../Users/naomi/Documents/GitHub/summerAssetPipe/cityBlockProj/Content/wb_materials/gold.uasset" SILENT=true
[2019.06.19-16.24.24:249][640]LogUObjectHash: Compacting FUObjectHashTables data took   0.49ms
[2019.06.19-16.24.24:253][640]LogMaterial: Display: Missing cached shader map for material DebugViewMode MaterialTexCoordScale, compiling. 
[2019.06.19-16.24.24:532][640]TextureStreamingBuild: Display: Compiling optional shaders took 0.283 seconds.
[2019.06.19-16.24.24:561][640]LogUObjectHash: Compacting FUObjectHashTables data took   0.58ms
[2019.06.19-16.24.24:586][640]LogSavePackage: Moving '../../../../../../Users/naomi/Documents/GitHub/summerAssetPipe/cityBlockProj/Saved/goldD4D12B944082430F82D542B1D9B461A6.tmp' to '../../../../../../Users/naomi/Documents/GitHub/summerAssetPipe/cityBlockProj/Content/wb_materials/gold.uasset'
[2019.06.19-16.25.21:276][445]LogAssetEditorManager: Opening Asset editor for MaterialInstanceConstant /Game/wb_materials/gray_Inst.gray_Inst
[2019.06.19-16.26.04:016][195]LogSlate: Window 'Color Picker' being destroyed
[2019.06.19-16.26.16:204][924]LogUObjectHash: Compacting FUObjectHashTables data took   1.51ms
[2019.06.19-16.26.16:223][924]LogMaterial: Display: Missing cached shader map for material DebugViewMode MaterialTexCoordScale, compiling. 
[2019.06.19-16.26.16:528][924]TextureStreamingBuild: Display: Compiling optional shaders took 0.308 seconds.
[2019.06.19-16.26.16:560][924]LogUObjectHash: Compacting FUObjectHashTables data took   0.55ms
[2019.06.19-16.26.37:920][393]LogAssetEditorManager: Opening Asset editor for MaterialInstanceConstant /Game/wb_materials/offwhite.offwhite
[2019.06.19-16.26.45:528][836]LogSlate: Window 'Color Picker' being destroyed
[2019.06.19-16.27.11:120][184]LogUObjectHash: Compacting FUObjectHashTables data took   1.47ms
[2019.06.19-16.27.11:145][184]TextureStreamingBuild: Display: Compiling optional shaders took 0.010 seconds.
[2019.06.19-16.27.11:173][184]LogUObjectHash: Compacting FUObjectHashTables data took   0.55ms
[2019.06.19-16.27.13:710][306]LogAssetEditorManager: Opening Asset editor for MaterialInstanceConstant /Game/wb_materials/red.red
[2019.06.19-16.27.21:980][789]LogSlate: Window 'Color Picker' being destroyed
[2019.06.19-16.27.24:950][965]LogUObjectHash: Compacting FUObjectHashTables data took   1.45ms
[2019.06.19-16.27.24:969][965]TextureStreamingBuild: Display: Compiling optional shaders took 0.005 seconds.
[2019.06.19-16.27.24:995][965]LogUObjectHash: Compacting FUObjectHashTables data took   0.54ms
[2019.06.19-16.27.54:838][226]LogAssetEditorManager: Opening Asset editor for MaterialInstanceConstant /Game/wb_materials/gray.gray
[2019.06.19-16.28.01:147][592]LogSlate: Window 'Color Picker' being destroyed
[2019.06.19-16.28.02:608][678]LogUObjectHash: Compacting FUObjectHashTables data took   1.45ms
[2019.06.19-16.28.02:628][678]TextureStreamingBuild: Display: Compiling optional shaders took 0.005 seconds.
[2019.06.19-16.28.02:655][678]LogUObjectHash: Compacting FUObjectHashTables data took   0.52ms
[2019.06.19-16.28.29:307][834]LogAssetEditorManager: Opening Asset editor for Material /Game/wb_materials/green.green
[2019.06.19-16.28.29:310][834]LogMaterial: Display: Missing cached shader map for material green, compiling. 
[2019.06.19-16.28.29:390][834]LogMaterial: Display: Missing cached shader map for material green, compiling. 
[2019.06.19-16.28.29:407][834]LogMaterial: Display: Missing cached shader map for material green, compiling. 
[2019.06.19-16.28.29:438][834]LogShaderCompilers: Display: Shaders left to compile 30
[2019.06.19-16.28.29:451][834]LogMaterial: Display: Missing cached shader map for material FMatExpressionPreview MaterialExpressionTextureSampleParameter2D_1, compiling. 
[2019.06.19-16.28.29:461][834]LogMaterial: Display: Missing cached shader map for material FMatExpressionPreview MaterialExpressionVectorParameter_0, compiling. 
[2019.06.19-16.28.29:472][834]LogMaterial: Display: Missing cached shader map for material FMatExpressionPreview MaterialExpressionTextureSampleParameter2D_0, compiling. 
[2019.06.19-16.28.29:482][834]LogMaterial: Display: Missing cached shader map for material FMatExpressionPreview MaterialExpressionTextureCoordinate_0, compiling. 
[2019.06.19-16.28.29:865][843]LogShaderCompilers: Display: Shaders left to compile 30
[2019.06.19-16.28.30:499][881]LogShaderCompilers: Display: Shaders left to compile 20
[2019.06.19-16.28.31:233][925]LogShaderCompilers: Display: Shaders left to compile 10
[2019.06.19-16.28.31:868][962]MaterialEditorStats: Base pass shader: 117 instructions
[2019.06.19-16.28.31:868][962]MaterialEditorStats: Base pass shader with Surface Lightmap: 145 instructions
[2019.06.19-16.28.31:868][962]MaterialEditorStats: Base pass shader with Volumetric Lightmap: 191 instructions
[2019.06.19-16.28.31:868][962]MaterialEditorStats: Base pass vertex shader: 45 instructions
[2019.06.19-16.28.31:868][962]MaterialEditorStats: Texture samplers: 5/16
[2019.06.19-16.28.31:868][962]MaterialEditorStats: Texture Lookups (Est.): VS(0), PS(2)
[2019.06.19-16.28.31:868][962]MaterialEditorStats: User interpolators: 2/4 Scalars (1/4 Vectors) (TexCoords: 2, Custom: 0)
[2019.06.19-16.28.47:008][869]LogMaterial: Display: Missing cached shader map for material green, compiling. 
[2019.06.19-16.28.47:026][869]LogShaderCompilers: Display: Shaders left to compile 30
[2019.06.19-16.28.47:029][869]LogMaterial: Display: Missing cached shader map for material FMatExpressionPreview MaterialExpressionVectorParameter_0, compiling. 
[2019.06.19-16.28.47:062][869]LogMaterial: Display: Missing cached shader map for material FMatExpressionPreview MaterialExpressionTextureSampleParameter2D_1, compiling. 
[2019.06.19-16.28.47:072][869]LogMaterial: Display: Missing cached shader map for material FMatExpressionPreview MaterialExpressionVectorParameter_0, compiling. 
[2019.06.19-16.28.47:081][869]LogMaterial: Display: Missing cached shader map for material FMatExpressionPreview MaterialExpressionTextureSampleParameter2D_0, compiling. 
[2019.06.19-16.28.47:091][869]LogMaterial: Display: Missing cached shader map for material FMatExpressionPreview MaterialExpressionTextureCoordinate_0, compiling. 
[2019.06.19-16.28.47:125][869]LogMaterial: Display: Missing cached shader map for material green, compiling. 
[2019.06.19-16.28.47:171][869]LogMaterial: Display: Missing cached shader map for material FMatExpressionPreview MaterialExpressionTextureSampleParameter2D_1, compiling. 
[2019.06.19-16.28.47:181][869]LogMaterial: Display: Missing cached shader map for material FMatExpressionPreview MaterialExpressionVectorParameter_0, compiling. 
[2019.06.19-16.28.47:190][869]LogMaterial: Display: Missing cached shader map for material FMatExpressionPreview MaterialExpressionTextureSampleParameter2D_0, compiling. 
[2019.06.19-16.28.47:199][869]LogMaterial: Display: Missing cached shader map for material FMatExpressionPreview MaterialExpressionTextureCoordinate_0, compiling. 
[2019.06.19-16.28.47:235][869]LogMaterial: Display: Missing cached shader map for material green, compiling. 
[2019.06.19-16.28.47:270][869]LogSlate: Window 'Color Picker' being destroyed
[2019.06.19-16.28.47:685][869]LogShaderCompilers: Display: Shaders left to compile 30
[2019.06.19-16.28.47:993][869]LogShaderCompilers: Display: Shaders left to compile 20
[2019.06.19-16.28.48:559][869]LogShaderCompilers: Display: Shaders left to compile 10
[2019.06.19-16.28.51:079][869]LogSlate: Window 'Message' being destroyed
[2019.06.19-16.29.45:545][166]LogAssetEditorManager: Opening Asset editor for MaterialInstanceConstant /Game/wb_materials/gray_blue.gray_blue
[2019.06.19-16.29.53:239][613]LogSlate: Window 'Color Picker' being destroyed
[2019.06.19-16.29.54:583][691]LogUObjectHash: Compacting FUObjectHashTables data took   1.38ms
[2019.06.19-16.29.54:608][691]TextureStreamingBuild: Display: Compiling optional shaders took 0.010 seconds.
[2019.06.19-16.29.54:638][691]LogUObjectHash: Compacting FUObjectHashTables data took   0.54ms
