Log file open, 05/28/19 13:58:39
LogWindows: Failed to load 'aqProf.dll' (GetLastError=126)
LogWindows: File 'aqProf.dll' does not exist
LogWindows: Failed to load 'VtuneApi.dll' (GetLastError=126)
LogWindows: File 'VtuneApi.dll' does not exist
LogWindows: Failed to load 'VtuneApi32e.dll' (GetLastError=126)
LogWindows: File 'VtuneApi32e.dll' does not exist
LogConsoleResponse: Display: Failed to find resolution value strings in scalability ini. Falling back to default.
LogInit: Display: Running engine for game: eae3010srassign1
LogPakFile: Registered encryption key '00000000000000000000000000000000': 0 pak files mounted, 0 remain pending
LogPlatformFile: Not using cached read wrapper
LogTaskGraph: Started task graph with 5 named threads and 23 total threads with 3 sets of task threads.
LogStats: Stats thread started at 0.273990
LogD3D11RHI: Loaded GFSDK_Aftermath_Lib.x64.dll
LogICUInternationalization: ICU TimeZone Detection - Raw Offset: -7:00, Platform Override: ''
LogPluginManager: Mounting plugin Paper2D
LogPluginManager: Mounting plugin AISupport
LogPluginManager: Mounting plugin LightPropagationVolume
LogPluginManager: Mounting plugin ActorLayerUtilities
LogPluginManager: Mounting plugin CLionSourceCodeAccess
LogPluginManager: Mounting plugin CodeLiteSourceCodeAccess
LogPluginManager: Mounting plugin GitSourceControl
LogPluginManager: Mounting plugin KDevelopSourceCodeAccess
LogPluginManager: Mounting plugin NullSourceCodeAccess
LogPluginManager: Mounting plugin PerforceSourceControl
LogPluginManager: Mounting plugin SubversionSourceControl
LogPluginManager: Mounting plugin UObjectPlugin
LogPluginManager: Mounting plugin VisualStudioCodeSourceCodeAccess
LogPluginManager: Mounting plugin VisualStudioSourceCodeAccess
LogPluginManager: Mounting plugin XCodeSourceCodeAccess
LogPluginManager: Mounting plugin AssetManagerEditor
LogPluginManager: Mounting plugin CryptoKeys
LogPluginManager: Mounting plugin DataValidation
LogPluginManager: Mounting plugin FacialAnimation
LogPluginManager: Mounting plugin GameplayTagsEditor
LogPluginManager: Mounting plugin MacGraphicsSwitching
LogPluginManager: Mounting plugin MeshEditor
LogPluginManager: Mounting plugin MobileLauncherProfileWizard
LogPluginManager: Mounting plugin PluginBrowser
LogPluginManager: Mounting plugin SpeedTreeImporter
LogPluginManager: Mounting plugin DatasmithContent
LogPluginManager: Mounting plugin VariantManagerContent
LogPluginManager: Mounting plugin AlembicImporter
LogPluginManager: Mounting plugin AppleImageUtils
LogPluginManager: Mounting plugin AppleVision
LogPluginManager: Mounting plugin BackChannel
LogPluginManager: Mounting plugin CharacterAI
LogPluginManager: Mounting plugin GeometryCache
LogPluginManager: Mounting plugin HTML5Networking
LogPluginManager: Mounting plugin ProxyLODPlugin
LogPluginManager: Mounting plugin MagicLeap
LogPluginManager: Mounting plugin MagicLeapMedia
LogPluginManager: Mounting plugin AndroidMedia
LogPluginManager: Mounting plugin AvfMedia
LogPluginManager: Mounting plugin ImgMedia
LogPluginManager: Mounting plugin LinearTimecode
LogPluginManager: Mounting plugin MediaCompositing
LogPluginManager: Mounting plugin MediaPlayerEditor
LogPluginManager: Mounting plugin WebMMedia
LogPluginManager: Mounting plugin WmfMedia
LogPluginManager: Mounting plugin TcpMessaging
LogPluginManager: Mounting plugin UdpMessaging
LogPluginManager: Mounting plugin ActorSequence
LogPluginManager: Mounting plugin LevelSequenceEditor
LogPluginManager: Mounting plugin MatineeToLevelSequence
LogPluginManager: Mounting plugin NetcodeUnitTest
LogPluginManager: Mounting plugin NUTUnrealEngine4
LogPluginManager: Mounting plugin OnlineSubsystemGooglePlay
LogPluginManager: Mounting plugin OnlineSubsystemIOS
LogPluginManager: Mounting plugin OnlineSubsystem
LogPluginManager: Mounting plugin OnlineSubsystemNull
LogPluginManager: Mounting plugin OnlineSubsystemUtils
LogPluginManager: Mounting plugin LauncherChunkInstaller
LogPluginManager: Mounting plugin AndroidDeviceProfileSelector
LogPluginManager: Mounting plugin AndroidMoviePlayer
LogPluginManager: Mounting plugin AndroidPermission
LogPluginManager: Mounting plugin AppleMoviePlayer
LogPluginManager: Mounting plugin ArchVisCharacter
LogPluginManager: Mounting plugin AudioCapture
LogPluginManager: Mounting plugin CableComponent
LogPluginManager: Mounting plugin CustomMeshComponent
LogPluginManager: Mounting plugin EditableMesh
LogPluginManager: Mounting plugin ExampleDeviceProfileSelector
LogPluginManager: Mounting plugin Firebase
LogPluginManager: Mounting plugin GoogleCloudMessaging
LogPluginManager: Mounting plugin IOSDeviceProfileSelector
LogPluginManager: Mounting plugin LinuxDeviceProfileSelector
LogPluginManager: Mounting plugin LocationServicesBPLibrary
LogPluginManager: Mounting plugin MobilePatchingUtils
LogPluginManager: Mounting plugin OculusVR
LogPluginManager: Mounting plugin PhysXVehicles
LogPluginManager: Mounting plugin ProceduralMeshComponent
LogPluginManager: Mounting plugin RuntimePhysXCooking
LogPluginManager: Mounting plugin SteamVR
LogPluginManager: Mounting plugin WebMMoviePlayer
LogPluginManager: Mounting plugin WindowsMoviePlayer
LogStreaming: Display: Took  0.078s to configure plugins.
LogInit: Using libcurl 7.55.1-DEV
LogInit:  - built for x86_64-pc-win32
LogInit:  - supports SSL with OpenSSL/1.0.2h
LogInit:  - supports HTTP deflate (compression) using libz 1.2.8
LogInit:  - other features:
LogInit:      CURL_VERSION_SSL
LogInit:      CURL_VERSION_LIBZ
LogInit:      CURL_VERSION_IPV6
LogInit:      CURL_VERSION_ASYNCHDNS
LogInit:      CURL_VERSION_LARGEFILE
LogInit:      CURL_VERSION_IDN
LogInit:  CurlRequestOptions (configurable via config and command line):
LogInit:  - bVerifyPeer = true  - Libcurl will verify peer certificate
LogInit:  - bUseHttpProxy = false  - Libcurl will NOT use HTTP proxy
LogInit:  - bDontReuseConnections = false  - Libcurl will reuse connections
LogInit:  - MaxHostConnections = 16  - Libcurl will limit the number of connections to a host
LogInit:  - LocalHostAddr = Default
LogInit:  - BufferSize = 65536
LogInit: WinSock: version 1.1 (2.2), MaxSocks=32767, MaxUdp=65467
LogInit: Build: ++UE4+Release-4.21-CL-4753647
LogInit: Engine Version: 4.21.2-4753647+++UE4+Release-4.21
LogInit: Compatible Engine Version: 4.21.0-4541578+++UE4+Release-4.21
LogInit: Net CL: 4541578
LogInit: OS: Windows 10 (), CPU: Intel(R) Core(TM) i7-8809G CPU @ 3.10GHz, GPU: Radeon RX Vega M GH Graphics
LogInit: Compiled (64-bit): Jan 19 2019 02:07:31
LogInit: Compiled with Visual C++: 19.13.26129.00
LogInit: Build Configuration: Development
LogInit: Branch Name: ++UE4+Release-4.21
LogInit: Command Line: 
LogInit: Base Directory: C:/Program Files/Epic Games/UE_4.21/Engine/Binaries/Win64/
LogInit: Installed Engine Build: 1
LogDevObjectVersion: Number of dev versions registered: 22
LogDevObjectVersion:   Dev-Blueprints (B0D832E4-1F89-4F0D-ACCF-7EB736FD4AA2): 10
LogDevObjectVersion:   Dev-Build (E1C64328-A22C-4D53-A36C-8E866417BD8C): 0
LogDevObjectVersion:   Dev-Core (375EC13C-06E4-48FB-B500-84F0262A717E): 2
LogDevObjectVersion:   Dev-Editor (E4B068ED-F494-42E9-A231-DA0B2E46BB41): 26
LogDevObjectVersion:   Dev-Framework (CFFC743F-43B0-4480-9391-14DF171D2073): 34
LogDevObjectVersion:   Dev-Mobile (B02B49B5-BB20-44E9-A304-32B752E40360): 2
LogDevObjectVersion:   Dev-Networking (A4E4105C-59A1-49B5-A7C5-40C4547EDFEE): 0
LogDevObjectVersion:   Dev-Online (39C831C9-5AE6-47DC-9A44-9C173E1C8E7C): 0
LogDevObjectVersion:   Dev-Physics (78F01B33-EBEA-4F98-B9B4-84EACCB95AA2): 0
LogDevObjectVersion:   Dev-Platform (6631380F-2D4D-43E0-8009-CF276956A95A): 0
LogDevObjectVersion:   Dev-Rendering (12F88B9F-8875-4AFC-A67C-D90C383ABD29): 27
LogDevObjectVersion:   Dev-Sequencer (7B5AE74C-D270-4C10-A958-57980B212A5A): 9
LogDevObjectVersion:   Dev-VR (D7296918-1DD6-4BDD-9DE2-64A83CC13884): 2
LogDevObjectVersion:   Dev-LoadTimes (C2A15278-BFE7-4AFE-6C17-90FF531DF755): 1
LogDevObjectVersion:   Private-Geometry (6EACA3D4-40EC-4CC1-B786-8BED09428FC5): 3
LogDevObjectVersion:   Dev-AnimPhys (29E575DD-E0A3-4627-9D10-D276232CDCEA): 17
LogDevObjectVersion:   Dev-Anim (AF43A65D-7FD3-4947-9873-3E8ED9C1BB05): 2
LogDevObjectVersion:   Dev-ReflectionCapture (6B266CEC-1EC7-4B8F-A30B-E4D90942FC07): 1
LogDevObjectVersion:   Dev-Automation (0DF73D61-A23F-47EA-B727-89E90C41499A): 1
LogDevObjectVersion:   FortniteMain (601D1886-AC64-4F84-AA16-D3DE0DEAC7D6): 17
LogDevObjectVersion:   Dev-Enterprise (9DFFBCD6-494F-0158-E221-12823C92A888): 4
LogDevObjectVersion:   Dev-Niagara (F2AED0AC-9AFE-416F-8664-AA7FFA26D6FC): 1
LogStreaming: Display: Took  0.001s to delete old logs.
LogInit: Presizing for max 8388607 objects, including 0 objects not considered by GC, pre-allocating 0 bytes for permanent pool.
LogInit: Object subsystem initialized
LogConfig: Setting CVar [[con.DebugEarlyDefault:1]]
LogConfig: Setting CVar [[r.setres:1280x720]]
[2019.05.28-19.58.40:205][  0]LogConfig: Setting CVar [[r.VSync:0]]
[2019.05.28-19.58.40:205][  0]LogConfig: Setting CVar [[r.RHICmdBypass:0]]
[2019.05.28-19.58.40:205][  0]LogConfig: Applying CVar settings from Section [/Script/Engine.RendererSettings] File [C:/Users/u1111303/Documents/GitHub/summerAssetPipe/cityBlockProj/Saved/Config/Windows/Engine.ini]
[2019.05.28-19.58.40:205][  0]LogConfig: Setting CVar [[r.GPUCrashDebugging:0]]
[2019.05.28-19.58.40:205][  0]LogConfig: Applying CVar settings from Section [/Script/Engine.RendererOverrideSettings] File [C:/Users/u1111303/Documents/GitHub/summerAssetPipe/cityBlockProj/Saved/Config/Windows/Engine.ini]
[2019.05.28-19.58.40:205][  0]LogConfig: Applying CVar settings from Section [/Script/Engine.StreamingSettings] File [C:/Users/u1111303/Documents/GitHub/summerAssetPipe/cityBlockProj/Saved/Config/Windows/Engine.ini]
[2019.05.28-19.58.40:205][  0]LogConfig: Setting CVar [[s.MinBulkDataSizeForAsyncLoading:131072]]
[2019.05.28-19.58.40:205][  0]LogConfig: Setting CVar [[s.AsyncLoadingThreadEnabled:0]]
[2019.05.28-19.58.40:205][  0]LogConfig: Setting CVar [[s.EventDrivenLoaderEnabled:1]]
[2019.05.28-19.58.40:205][  0]LogConfig: Setting CVar [[s.WarnIfTimeLimitExceeded:0]]
[2019.05.28-19.58.40:205][  0]LogConfig: Setting CVar [[s.TimeLimitExceededMultiplier:1.5]]
[2019.05.28-19.58.40:205][  0]LogConfig: Setting CVar [[s.TimeLimitExceededMinTime:0.005]]
[2019.05.28-19.58.40:205][  0]LogConfig: Setting CVar [[s.UseBackgroundLevelStreaming:1]]
[2019.05.28-19.58.40:205][  0]LogConfig: Setting CVar [[s.PriorityAsyncLoadingExtraTime:15.0]]
[2019.05.28-19.58.40:205][  0]LogConfig: Setting CVar [[s.LevelStreamingActorsUpdateTimeLimit:5.0]]
[2019.05.28-19.58.40:205][  0]LogConfig: Setting CVar [[s.PriorityLevelStreamingActorsUpdateExtraTime:5.0]]
[2019.05.28-19.58.40:205][  0]LogConfig: Setting CVar [[s.LevelStreamingComponentsRegistrationGranularity:10]]
[2019.05.28-19.58.40:205][  0]LogConfig: Setting CVar [[s.UnregisterComponentsTimeLimit:1.0]]
[2019.05.28-19.58.40:205][  0]LogConfig: Setting CVar [[s.LevelStreamingComponentsUnregistrationGranularity:5]]
[2019.05.28-19.58.40:205][  0]LogConfig: Applying CVar settings from Section [/Script/Engine.GarbageCollectionSettings] File [C:/Users/u1111303/Documents/GitHub/summerAssetPipe/cityBlockProj/Saved/Config/Windows/Engine.ini]
[2019.05.28-19.58.40:205][  0]LogConfig: Setting CVar [[gc.MaxObjectsNotConsideredByGC:1]]
[2019.05.28-19.58.40:205][  0]LogConfig: Setting CVar [[gc.SizeOfPermanentObjectPool:0]]
[2019.05.28-19.58.40:205][  0]LogConfig: Setting CVar [[gc.FlushStreamingOnGC:0]]
[2019.05.28-19.58.40:205][  0]LogConfig: Setting CVar [[gc.NumRetriesBeforeForcingGC:10]]
[2019.05.28-19.58.40:206][  0]LogConfig: Setting CVar [[gc.AllowParallelGC:1]]
[2019.05.28-19.58.40:206][  0]LogConfig: Setting CVar [[gc.TimeBetweenPurgingPendingKillObjects:61.1]]
[2019.05.28-19.58.40:206][  0]LogConfig: Setting CVar [[gc.MaxObjectsInEditor:8388607]]
[2019.05.28-19.58.40:206][  0]LogConfig: Setting CVar [[gc.IncrementalBeginDestroyEnabled:1]]
[2019.05.28-19.58.40:206][  0]LogConfig: Setting CVar [[gc.CreateGCClusters:1]]
[2019.05.28-19.58.40:206][  0]LogConfig: Setting CVar [[gc.MergeGCClusters:0]]
[2019.05.28-19.58.40:206][  0]LogConfig: Setting CVar [[gc.MinGCClusterSize:5]]
[2019.05.28-19.58.40:206][  0]LogConfig: Setting CVar [[gc.ActorClusteringEnabled:0]]
[2019.05.28-19.58.40:206][  0]LogConfig: Setting CVar [[gc.BlueprintClusteringEnabled:0]]
[2019.05.28-19.58.40:206][  0]LogConfig: Setting CVar [[gc.UseDisregardForGCOnDedicatedServers:0]]
[2019.05.28-19.58.40:206][  0]LogConfig: Applying CVar settings from Section [/Script/Engine.NetworkSettings] File [C:/Users/u1111303/Documents/GitHub/summerAssetPipe/cityBlockProj/Saved/Config/Windows/Engine.ini]
[2019.05.28-19.58.40:206][  0]LogConfig: Applying CVar settings from Section [/Script/UnrealEd.CookerSettings] File [C:/Users/u1111303/Documents/GitHub/summerAssetPipe/cityBlockProj/Saved/Config/Windows/Engine.ini]
[2019.05.28-19.58.40:209][  0]LogConfig: Applying CVar settings from Section [ViewDistanceQuality@3] File [C:/Users/u1111303/Documents/GitHub/summerAssetPipe/cityBlockProj/Saved/Config/Windows/Scalability.ini]
[2019.05.28-19.58.40:209][  0]LogConfig: Setting CVar [[r.SkeletalMeshLODBias:0]]
[2019.05.28-19.58.40:209][  0]LogConfig: Setting CVar [[r.ViewDistanceScale:1.0]]
[2019.05.28-19.58.40:209][  0]LogConfig: Applying CVar settings from Section [AntiAliasingQuality@3] File [C:/Users/u1111303/Documents/GitHub/summerAssetPipe/cityBlockProj/Saved/Config/Windows/Scalability.ini]
[2019.05.28-19.58.40:209][  0]LogConfig: Setting CVar [[r.PostProcessAAQuality:4]]
[2019.05.28-19.58.40:209][  0]LogConfig: Applying CVar settings from Section [ShadowQuality@3] File [C:/Users/u1111303/Documents/GitHub/summerAssetPipe/cityBlockProj/Saved/Config/Windows/Scalability.ini]
[2019.05.28-19.58.40:209][  0]LogConfig: Setting CVar [[r.LightFunctionQuality:1]]
[2019.05.28-19.58.40:209][  0]LogConfig: Setting CVar [[r.ShadowQuality:5]]
[2019.05.28-19.58.40:209][  0]LogConfig: Setting CVar [[r.Shadow.CSM.MaxCascades:10]]
[2019.05.28-19.58.40:209][  0]LogConfig: Setting CVar [[r.Shadow.MaxResolution:2048]]
[2019.05.28-19.58.40:209][  0]LogConfig: Setting CVar [[r.Shadow.MaxCSMResolution:2048]]
[2019.05.28-19.58.40:209][  0]LogConfig: Setting CVar [[r.Shadow.RadiusThreshold:0.01]]
[2019.05.28-19.58.40:209][  0]LogConfig: Setting CVar [[r.Shadow.DistanceScale:1.0]]
[2019.05.28-19.58.40:209][  0]LogConfig: Setting CVar [[r.Shadow.CSM.TransitionScale:1.0]]
[2019.05.28-19.58.40:209][  0]LogConfig: Setting CVar [[r.Shadow.PreShadowResolutionFactor:1.0]]
[2019.05.28-19.58.40:209][  0]LogConfig: Setting CVar [[r.DistanceFieldShadowing:1]]
[2019.05.28-19.58.40:209][  0]LogConfig: Setting CVar [[r.DistanceFieldAO:1]]
[2019.05.28-19.58.40:209][  0]LogConfig: Setting CVar [[r.AOQuality:2]]
[2019.05.28-19.58.40:209][  0]LogConfig: Setting CVar [[r.VolumetricFog:1]]
[2019.05.28-19.58.40:209][  0]LogConfig: Setting CVar [[r.VolumetricFog.GridPixelSize:8]]
[2019.05.28-19.58.40:209][  0]LogConfig: Setting CVar [[r.VolumetricFog.GridSizeZ:128]]
[2019.05.28-19.58.40:209][  0]LogConfig: Setting CVar [[r.VolumetricFog.HistoryMissSupersampleCount:4]]
[2019.05.28-19.58.40:209][  0]LogConfig: Setting CVar [[r.LightMaxDrawDistanceScale:1]]
[2019.05.28-19.58.40:209][  0]LogConfig: Setting CVar [[r.CapsuleShadows:1]]
[2019.05.28-19.58.40:209][  0]LogConfig: Applying CVar settings from Section [PostProcessQuality@3] File [C:/Users/u1111303/Documents/GitHub/summerAssetPipe/cityBlockProj/Saved/Config/Windows/Scalability.ini]
[2019.05.28-19.58.40:209][  0]LogConfig: Setting CVar [[r.MotionBlurQuality:4]]
[2019.05.28-19.58.40:209][  0]LogConfig: Setting CVar [[r.AmbientOcclusionMipLevelFactor:0.4]]
[2019.05.28-19.58.40:209][  0]LogConfig: Setting CVar [[r.AmbientOcclusionMaxQuality:100]]
[2019.05.28-19.58.40:209][  0]LogConfig: Setting CVar [[r.AmbientOcclusionLevels:-1]]
[2019.05.28-19.58.40:209][  0]LogConfig: Setting CVar [[r.AmbientOcclusionRadiusScale:1.0]]
[2019.05.28-19.58.40:209][  0]LogConfig: Setting CVar [[r.DepthOfFieldQuality:2]]
[2019.05.28-19.58.40:209][  0]LogConfig: Setting CVar [[r.RenderTargetPoolMin:400]]
[2019.05.28-19.58.40:209][  0]LogConfig: Setting CVar [[r.LensFlareQuality:2]]
[2019.05.28-19.58.40:209][  0]LogConfig: Setting CVar [[r.SceneColorFringeQuality:1]]
[2019.05.28-19.58.40:209][  0]LogConfig: Setting CVar [[r.EyeAdaptationQuality:2]]
[2019.05.28-19.58.40:209][  0]LogConfig: Setting CVar [[r.BloomQuality:5]]
[2019.05.28-19.58.40:209][  0]LogConfig: Setting CVar [[r.FastBlurThreshold:100]]
[2019.05.28-19.58.40:209][  0]LogConfig: Setting CVar [[r.Upscale.Quality:3]]
[2019.05.28-19.58.40:209][  0]LogConfig: Setting CVar [[r.Tonemapper.GrainQuantization:1]]
[2019.05.28-19.58.40:209][  0]LogConfig: Setting CVar [[r.LightShaftQuality:1]]
[2019.05.28-19.58.40:209][  0]LogConfig: Setting CVar [[r.Filter.SizeScale:1]]
[2019.05.28-19.58.40:209][  0]LogConfig: Setting CVar [[r.Tonemapper.Quality:5]]
[2019.05.28-19.58.40:209][  0]LogConfig: Setting CVar [[r.DOF.Gather.AccumulatorQuality:1        ; higher gathering accumulator quality]]
[2019.05.28-19.58.40:209][  0]LogConfig: Setting CVar [[r.DOF.Gather.PostfilterMethod:1          ; Median3x3 postfilering method]]
[2019.05.28-19.58.40:209][  0]LogConfig: Setting CVar [[r.DOF.Gather.EnableBokehSettings:0       ; no bokeh simulation when gathering]]
[2019.05.28-19.58.40:209][  0]LogConfig: Setting CVar [[r.DOF.Gather.RingCount:4                 ; medium number of samples when gathering]]
[2019.05.28-19.58.40:209][  0]LogConfig: Setting CVar [[r.DOF.Scatter.ForegroundCompositing:1    ; additive foreground scattering]]
[2019.05.28-19.58.40:209][  0]LogConfig: Setting CVar [[r.DOF.Scatter.BackgroundCompositing:2    ; additive background scattering]]
[2019.05.28-19.58.40:209][  0]LogConfig: Setting CVar [[r.DOF.Scatter.EnableBokehSettings:1      ; bokeh simulation when scattering]]
[2019.05.28-19.58.40:209][  0]LogConfig: Setting CVar [[r.DOF.Scatter.MaxSpriteRatio:0.1         ; only a maximum of 10% of scattered bokeh]]
[2019.05.28-19.58.40:209][  0]LogConfig: Setting CVar [[r.DOF.Recombine.Quality:1                ; cheap slight out of focus]]
[2019.05.28-19.58.40:209][  0]LogConfig: Setting CVar [[r.DOF.Recombine.EnableBokehSettings:0    ; no bokeh simulation on slight out of focus]]
[2019.05.28-19.58.40:209][  0]LogConfig: Setting CVar [[r.DOF.TemporalAAQuality:1                ; more stable temporal accumulation]]
[2019.05.28-19.58.40:209][  0]LogConfig: Setting CVar [[r.DOF.Kernel.MaxForegroundRadius:0.025]]
[2019.05.28-19.58.40:209][  0]LogConfig: Setting CVar [[r.DOF.Kernel.MaxBackgroundRadius:0.025]]
[2019.05.28-19.58.40:209][  0]LogConfig: Applying CVar settings from Section [TextureQuality@3] File [C:/Users/u1111303/Documents/GitHub/summerAssetPipe/cityBlockProj/Saved/Config/Windows/Scalability.ini]
[2019.05.28-19.58.40:209][  0]LogConfig: Setting CVar [[r.Streaming.MipBias:0]]
[2019.05.28-19.58.40:209][  0]LogConfig: Setting CVar [[r.Streaming.AmortizeCPUToGPUCopy:0]]
[2019.05.28-19.58.40:209][  0]LogConfig: Setting CVar [[r.Streaming.MaxNumTexturesToStreamPerFrame:0]]
[2019.05.28-19.58.40:210][  0]LogConfig: Setting CVar [[r.Streaming.Boost:1]]
[2019.05.28-19.58.40:210][  0]LogConfig: Setting CVar [[r.MaxAnisotropy:8]]
[2019.05.28-19.58.40:210][  0]LogConfig: Setting CVar [[r.Streaming.LimitPoolSizeToVRAM:0]]
[2019.05.28-19.58.40:210][  0]LogConfig: Setting CVar [[r.Streaming.PoolSize:1000]]
[2019.05.28-19.58.40:210][  0]LogConfig: Setting CVar [[r.Streaming.MaxEffectiveScreenSize:0]]
[2019.05.28-19.58.40:210][  0]LogConfig: Applying CVar settings from Section [EffectsQuality@3] File [C:/Users/u1111303/Documents/GitHub/summerAssetPipe/cityBlockProj/Saved/Config/Windows/Scalability.ini]
[2019.05.28-19.58.40:210][  0]LogConfig: Setting CVar [[r.TranslucencyLightingVolumeDim:64]]
[2019.05.28-19.58.40:210][  0]LogConfig: Setting CVar [[r.RefractionQuality:2]]
[2019.05.28-19.58.40:210][  0]LogConfig: Setting CVar [[r.SSR.Quality:3]]
[2019.05.28-19.58.40:210][  0]LogConfig: Setting CVar [[r.SceneColorFormat:4]]
[2019.05.28-19.58.40:210][  0]LogConfig: Setting CVar [[r.DetailMode:2]]
[2019.05.28-19.58.40:210][  0]LogConfig: Setting CVar [[r.TranslucencyVolumeBlur:1]]
[2019.05.28-19.58.40:210][  0]LogConfig: Setting CVar [[r.MaterialQualityLevel:1 ; High quality]]
[2019.05.28-19.58.40:210][  0]LogConfig: Setting CVar [[r.SSS.Scale:1]]
[2019.05.28-19.58.40:210][  0]LogConfig: Setting CVar [[r.SSS.SampleSet:2]]
[2019.05.28-19.58.40:210][  0]LogConfig: Setting CVar [[r.SSS.Quality:1]]
[2019.05.28-19.58.40:210][  0]LogConfig: Setting CVar [[r.SSS.HalfRes:1]]
[2019.05.28-19.58.40:210][  0]LogConfig: Setting CVar [[r.EmitterSpawnRateScale:1.0]]
[2019.05.28-19.58.40:210][  0]LogConfig: Setting CVar [[r.ParticleLightQuality:2]]
[2019.05.28-19.58.40:210][  0]LogConfig: Applying CVar settings from Section [FoliageQuality@3] File [C:/Users/u1111303/Documents/GitHub/summerAssetPipe/cityBlockProj/Saved/Config/Windows/Scalability.ini]
[2019.05.28-19.58.40:210][  0]LogConfig: Setting CVar [[foliage.DensityScale:1.0]]
[2019.05.28-19.58.40:210][  0]LogConfig: Setting CVar [[grass.DensityScale:1.0]]
[2019.05.28-19.58.40:210][  0]LogInit: Selected Device Profile: [Windows]
[2019.05.28-19.58.40:210][  0]LogInit: Applying CVar settings loaded from the selected device profile: [Windows]
[2019.05.28-19.58.40:225][  0]LogHAL: Display: Platform has ~ 16 GB [17094914048 / 17179869184 / 16], which maps to Larger [LargestMinGB=32, LargerMinGB=12, DefaultMinGB=8, SmallerMinGB=6, SmallestMinGB=0)
[2019.05.28-19.58.40:225][  0]LogConfig: Setting CVar [[r.Vulkan.UseRealUBs:1]]
[2019.05.28-19.58.40:225][  0]LogInit: Going up to parent DeviceProfile []
[2019.05.28-19.58.40:225][  0]LogConfig: Applying CVar settings from Section [ViewDistanceQuality@3] File [C:/Users/u1111303/Documents/GitHub/summerAssetPipe/cityBlockProj/Saved/Config/Windows/Scalability.ini]
[2019.05.28-19.58.40:225][  0]LogConfig: Setting CVar [[r.SkeletalMeshLODBias:0]]
[2019.05.28-19.58.40:225][  0]LogConfig: Setting CVar [[r.ViewDistanceScale:1.0]]
[2019.05.28-19.58.40:225][  0]LogConfig: Applying CVar settings from Section [AntiAliasingQuality@3] File [C:/Users/u1111303/Documents/GitHub/summerAssetPipe/cityBlockProj/Saved/Config/Windows/Scalability.ini]
[2019.05.28-19.58.40:225][  0]LogConfig: Setting CVar [[r.PostProcessAAQuality:4]]
[2019.05.28-19.58.40:225][  0]LogConfig: Applying CVar settings from Section [ShadowQuality@3] File [C:/Users/u1111303/Documents/GitHub/summerAssetPipe/cityBlockProj/Saved/Config/Windows/Scalability.ini]
[2019.05.28-19.58.40:225][  0]LogConfig: Setting CVar [[r.LightFunctionQuality:1]]
[2019.05.28-19.58.40:225][  0]LogConfig: Setting CVar [[r.ShadowQuality:5]]
[2019.05.28-19.58.40:225][  0]LogConfig: Setting CVar [[r.Shadow.CSM.MaxCascades:10]]
[2019.05.28-19.58.40:225][  0]LogConfig: Setting CVar [[r.Shadow.MaxResolution:2048]]
[2019.05.28-19.58.40:225][  0]LogConfig: Setting CVar [[r.Shadow.MaxCSMResolution:2048]]
[2019.05.28-19.58.40:225][  0]LogConfig: Setting CVar [[r.Shadow.RadiusThreshold:0.01]]
[2019.05.28-19.58.40:225][  0]LogConfig: Setting CVar [[r.Shadow.DistanceScale:1.0]]
[2019.05.28-19.58.40:225][  0]LogConfig: Setting CVar [[r.Shadow.CSM.TransitionScale:1.0]]
[2019.05.28-19.58.40:225][  0]LogConfig: Setting CVar [[r.Shadow.PreShadowResolutionFactor:1.0]]
[2019.05.28-19.58.40:225][  0]LogConfig: Setting CVar [[r.DistanceFieldShadowing:1]]
[2019.05.28-19.58.40:225][  0]LogConfig: Setting CVar [[r.DistanceFieldAO:1]]
[2019.05.28-19.58.40:225][  0]LogConfig: Setting CVar [[r.AOQuality:2]]
[2019.05.28-19.58.40:225][  0]LogConfig: Setting CVar [[r.VolumetricFog:1]]
[2019.05.28-19.58.40:225][  0]LogConfig: Setting CVar [[r.VolumetricFog.GridPixelSize:8]]
[2019.05.28-19.58.40:225][  0]LogConfig: Setting CVar [[r.VolumetricFog.GridSizeZ:128]]
[2019.05.28-19.58.40:225][  0]LogConfig: Setting CVar [[r.VolumetricFog.HistoryMissSupersampleCount:4]]
[2019.05.28-19.58.40:225][  0]LogConfig: Setting CVar [[r.LightMaxDrawDistanceScale:1]]
[2019.05.28-19.58.40:225][  0]LogConfig: Setting CVar [[r.CapsuleShadows:1]]
[2019.05.28-19.58.40:225][  0]LogConfig: Applying CVar settings from Section [PostProcessQuality@3] File [C:/Users/u1111303/Documents/GitHub/summerAssetPipe/cityBlockProj/Saved/Config/Windows/Scalability.ini]
[2019.05.28-19.58.40:225][  0]LogConfig: Setting CVar [[r.MotionBlurQuality:4]]
[2019.05.28-19.58.40:225][  0]LogConfig: Setting CVar [[r.AmbientOcclusionMipLevelFactor:0.4]]
[2019.05.28-19.58.40:225][  0]LogConfig: Setting CVar [[r.AmbientOcclusionMaxQuality:100]]
[2019.05.28-19.58.40:225][  0]LogConfig: Setting CVar [[r.AmbientOcclusionLevels:-1]]
[2019.05.28-19.58.40:225][  0]LogConfig: Setting CVar [[r.AmbientOcclusionRadiusScale:1.0]]
[2019.05.28-19.58.40:225][  0]LogConfig: Setting CVar [[r.DepthOfFieldQuality:2]]
[2019.05.28-19.58.40:225][  0]LogConfig: Setting CVar [[r.RenderTargetPoolMin:400]]
[2019.05.28-19.58.40:225][  0]LogConfig: Setting CVar [[r.LensFlareQuality:2]]
[2019.05.28-19.58.40:225][  0]LogConfig: Setting CVar [[r.SceneColorFringeQuality:1]]
[2019.05.28-19.58.40:225][  0]LogConfig: Setting CVar [[r.EyeAdaptationQuality:2]]
[2019.05.28-19.58.40:225][  0]LogConfig: Setting CVar [[r.BloomQuality:5]]
[2019.05.28-19.58.40:225][  0]LogConfig: Setting CVar [[r.FastBlurThreshold:100]]
[2019.05.28-19.58.40:225][  0]LogConfig: Setting CVar [[r.Upscale.Quality:3]]
[2019.05.28-19.58.40:225][  0]LogConfig: Setting CVar [[r.Tonemapper.GrainQuantization:1]]
[2019.05.28-19.58.40:225][  0]LogConfig: Setting CVar [[r.LightShaftQuality:1]]
[2019.05.28-19.58.40:225][  0]LogConfig: Setting CVar [[r.Filter.SizeScale:1]]
[2019.05.28-19.58.40:225][  0]LogConfig: Setting CVar [[r.Tonemapper.Quality:5]]
[2019.05.28-19.58.40:225][  0]LogConfig: Setting CVar [[r.DOF.Gather.AccumulatorQuality:1        ; higher gathering accumulator quality]]
[2019.05.28-19.58.40:225][  0]LogConfig: Setting CVar [[r.DOF.Gather.PostfilterMethod:1          ; Median3x3 postfilering method]]
[2019.05.28-19.58.40:225][  0]LogConfig: Setting CVar [[r.DOF.Gather.EnableBokehSettings:0       ; no bokeh simulation when gathering]]
[2019.05.28-19.58.40:225][  0]LogConfig: Setting CVar [[r.DOF.Gather.RingCount:4                 ; medium number of samples when gathering]]
[2019.05.28-19.58.40:225][  0]LogConfig: Setting CVar [[r.DOF.Scatter.ForegroundCompositing:1    ; additive foreground scattering]]
[2019.05.28-19.58.40:225][  0]LogConfig: Setting CVar [[r.DOF.Scatter.BackgroundCompositing:2    ; additive background scattering]]
[2019.05.28-19.58.40:225][  0]LogConfig: Setting CVar [[r.DOF.Scatter.EnableBokehSettings:1      ; bokeh simulation when scattering]]
[2019.05.28-19.58.40:225][  0]LogConfig: Setting CVar [[r.DOF.Scatter.MaxSpriteRatio:0.1         ; only a maximum of 10% of scattered bokeh]]
[2019.05.28-19.58.40:225][  0]LogConfig: Setting CVar [[r.DOF.Recombine.Quality:1                ; cheap slight out of focus]]
[2019.05.28-19.58.40:225][  0]LogConfig: Setting CVar [[r.DOF.Recombine.EnableBokehSettings:0    ; no bokeh simulation on slight out of focus]]
[2019.05.28-19.58.40:225][  0]LogConfig: Setting CVar [[r.DOF.TemporalAAQuality:1                ; more stable temporal accumulation]]
[2019.05.28-19.58.40:225][  0]LogConfig: Setting CVar [[r.DOF.Kernel.MaxForegroundRadius:0.025]]
[2019.05.28-19.58.40:225][  0]LogConfig: Setting CVar [[r.DOF.Kernel.MaxBackgroundRadius:0.025]]
[2019.05.28-19.58.40:225][  0]LogConfig: Applying CVar settings from Section [TextureQuality@3] File [C:/Users/u1111303/Documents/GitHub/summerAssetPipe/cityBlockProj/Saved/Config/Windows/Scalability.ini]
[2019.05.28-19.58.40:225][  0]LogConfig: Setting CVar [[r.Streaming.MipBias:0]]
[2019.05.28-19.58.40:225][  0]LogConfig: Setting CVar [[r.Streaming.AmortizeCPUToGPUCopy:0]]
[2019.05.28-19.58.40:225][  0]LogConfig: Setting CVar [[r.Streaming.MaxNumTexturesToStreamPerFrame:0]]
[2019.05.28-19.58.40:225][  0]LogConfig: Setting CVar [[r.Streaming.Boost:1]]
[2019.05.28-19.58.40:225][  0]LogConfig: Setting CVar [[r.MaxAnisotropy:8]]
[2019.05.28-19.58.40:225][  0]LogConfig: Setting CVar [[r.Streaming.LimitPoolSizeToVRAM:0]]
[2019.05.28-19.58.40:225][  0]LogConfig: Setting CVar [[r.Streaming.PoolSize:1000]]
[2019.05.28-19.58.40:225][  0]LogConfig: Setting CVar [[r.Streaming.MaxEffectiveScreenSize:0]]
[2019.05.28-19.58.40:225][  0]LogConfig: Applying CVar settings from Section [EffectsQuality@3] File [C:/Users/u1111303/Documents/GitHub/summerAssetPipe/cityBlockProj/Saved/Config/Windows/Scalability.ini]
[2019.05.28-19.58.40:225][  0]LogConfig: Setting CVar [[r.TranslucencyLightingVolumeDim:64]]
[2019.05.28-19.58.40:225][  0]LogConfig: Setting CVar [[r.RefractionQuality:2]]
[2019.05.28-19.58.40:225][  0]LogConfig: Setting CVar [[r.SSR.Quality:3]]
[2019.05.28-19.58.40:225][  0]LogConfig: Setting CVar [[r.SceneColorFormat:4]]
[2019.05.28-19.58.40:225][  0]LogConfig: Setting CVar [[r.DetailMode:2]]
[2019.05.28-19.58.40:225][  0]LogConfig: Setting CVar [[r.TranslucencyVolumeBlur:1]]
[2019.05.28-19.58.40:226][  0]LogConfig: Setting CVar [[r.MaterialQualityLevel:1 ; High quality]]
[2019.05.28-19.58.40:226][  0]LogConfig: Setting CVar [[r.SSS.Scale:1]]
[2019.05.28-19.58.40:226][  0]LogConfig: Setting CVar [[r.SSS.SampleSet:2]]
[2019.05.28-19.58.40:226][  0]LogConfig: Setting CVar [[r.SSS.Quality:1]]
[2019.05.28-19.58.40:226][  0]LogConfig: Setting CVar [[r.SSS.HalfRes:1]]
[2019.05.28-19.58.40:226][  0]LogConfig: Setting CVar [[r.EmitterSpawnRateScale:1.0]]
[2019.05.28-19.58.40:226][  0]LogConfig: Setting CVar [[r.ParticleLightQuality:2]]
[2019.05.28-19.58.40:226][  0]LogConfig: Applying CVar settings from Section [FoliageQuality@3] File [C:/Users/u1111303/Documents/GitHub/summerAssetPipe/cityBlockProj/Saved/Config/Windows/Scalability.ini]
[2019.05.28-19.58.40:226][  0]LogConfig: Setting CVar [[foliage.DensityScale:1.0]]
[2019.05.28-19.58.40:226][  0]LogConfig: Setting CVar [[grass.DensityScale:1.0]]
[2019.05.28-19.58.40:226][  0]LogConfig: Applying CVar settings from Section [Startup] File [../../../Engine/Config/ConsoleVariables.ini]
[2019.05.28-19.58.40:226][  0]LogConfig: Setting CVar [[net.UseAdaptiveNetUpdateFrequency:0]]
[2019.05.28-19.58.40:226][  0]LogConfig: Applying CVar settings from Section [ConsoleVariables] File [C:/Users/u1111303/Documents/GitHub/summerAssetPipe/cityBlockProj/Saved/Config/Windows/Engine.ini]
[2019.05.28-19.58.40:226][  0]LogInit: Computer: eae-n-008
[2019.05.28-19.58.40:226][  0]LogInit: User: u1111303
[2019.05.28-19.58.40:226][  0]LogInit: CPU Page size=4096, Cores=4
[2019.05.28-19.58.40:226][  0]LogInit: High frequency timer resolution =3.023437 MHz
[2019.05.28-19.58.40:226][  0]LogMemory: Memory total: Physical=15.9GB (16GB approx)
[2019.05.28-19.58.40:226][  0]LogMemory: Platform Memory Stats for Windows
[2019.05.28-19.58.40:226][  0]LogMemory: Process Physical Memory: 101.79 MB used, 101.79 MB peak
[2019.05.28-19.58.40:226][  0]LogMemory: Process Virtual Memory: 91.27 MB used, 91.27 MB peak
[2019.05.28-19.58.40:226][  0]LogMemory: Physical Memory: 8051.04 MB used,  8251.94 MB free, 16302.98 MB total
[2019.05.28-19.58.40:226][  0]LogMemory: Virtual Memory: 4647.91 MB used,  134213080.00 MB free, 134217728.00 MB total
[2019.05.28-19.58.40:240][  0]LogInit: Using OS detected language (en-US).
[2019.05.28-19.58.40:240][  0]LogInit: Using OS detected locale (en-US).
[2019.05.28-19.58.40:241][  0]LogTextLocalizationManager: No specific localization for 'en-US' exists, so the 'en' localization will be used.
[2019.05.28-19.58.40:568][  0]LogStreaming: Display: Took  0.329s to InitEngineTextLocalization.
[2019.05.28-19.58.40:568][  0]LogInit: Setting process to per monitor DPI aware
[2019.05.28-19.58.40:612][  0]LogSlate: New Slate User Created.  User Index 0, Is Virtual User: 0
[2019.05.28-19.58.40:612][  0]LogSlate: Slate User Registered.  User Index 0, Is Virtual User: 0
[2019.05.28-19.58.40:789][  0]LogHMD: Failed to initialize OpenVR with code 110
[2019.05.28-19.58.40:789][  0]LogD3D11RHI: D3D11 adapters:
[2019.05.28-19.58.40:818][  0]LogD3D11RHI:    0. 'Radeon RX Vega M GH Graphics' (Feature Level 11_0)
[2019.05.28-19.58.40:818][  0]LogD3D11RHI:       4042/0/8151 MB DedicatedVideo/DedicatedSystem/SharedSystem, Outputs:1, VendorId:0x1002
[2019.05.28-19.58.40:830][  0]LogD3D11RHI:    1. 'Intel(R) HD Graphics 630' (Feature Level 11_0)
[2019.05.28-19.58.40:831][  0]LogD3D11RHI:       128/0/8151 MB DedicatedVideo/DedicatedSystem/SharedSystem, Outputs:0, VendorId:0x8086
[2019.05.28-19.58.40:832][  0]LogD3D11RHI:    2. 'Microsoft Basic Render Driver' (Feature Level 11_0)
[2019.05.28-19.58.40:832][  0]LogD3D11RHI:       0/0/8151 MB DedicatedVideo/DedicatedSystem/SharedSystem, Outputs:0, VendorId:0x1414
[2019.05.28-19.58.40:832][  0]LogD3D11RHI: Chosen D3D11 Adapter: 0
[2019.05.28-19.58.40:839][  0]LogD3D11RHI: Creating new Direct3DDevice
[2019.05.28-19.58.40:839][  0]LogD3D11RHI:     GPU DeviceId: 0x694c (for the marketing name, search the web for "GPU Device Id")
[2019.05.28-19.58.40:839][  0]LogWindows: EnumDisplayDevices:
[2019.05.28-19.58.40:839][  0]LogWindows:    0. 'Radeon RX Vega M GH Graphics' (P:1 D:1)
[2019.05.28-19.58.40:840][  0]LogWindows:    1. 'Radeon RX Vega M GH Graphics' (P:0 D:0)
[2019.05.28-19.58.40:840][  0]LogWindows:    2. 'Radeon RX Vega M GH Graphics' (P:0 D:0)
[2019.05.28-19.58.40:840][  0]LogWindows:    3. 'Radeon RX Vega M GH Graphics' (P:0 D:0)
[2019.05.28-19.58.40:841][  0]LogWindows:    4. 'Radeon RX Vega M GH Graphics' (P:0 D:0)
[2019.05.28-19.58.40:841][  0]LogWindows:    5. 'Radeon RX Vega M GH Graphics' (P:0 D:0)
[2019.05.28-19.58.40:841][  0]LogWindows:    6. 'Radeon RX Vega M GH Graphics' (P:0 D:0)
[2019.05.28-19.58.40:841][  0]LogWindows:    7. 'Radeon RX Vega M GH Graphics' (P:0 D:0)
[2019.05.28-19.58.40:841][  0]LogWindows:    8. 'Intel(R) HD Graphics 630' (P:0 D:0)
[2019.05.28-19.58.40:842][  0]LogWindows:    9. 'Intel(R) HD Graphics 630' (P:0 D:0)
[2019.05.28-19.58.40:842][  0]LogWindows: DebugString: PrimaryIsNotTheChoosenAdapter PrimaryIsNotTheChoosenAdapter FoundDriverCount:8 
[2019.05.28-19.58.40:842][  0]LogD3D11RHI:     Adapter Name: Radeon RX Vega M GH Graphics
[2019.05.28-19.58.40:842][  0]LogD3D11RHI:   Driver Version: Adrenalin 19 18.12.2 (internal:25.20.15002.58, unified:25.20.15002.58)
[2019.05.28-19.58.40:842][  0]LogD3D11RHI:      Driver Date: 12-6-2018
[2019.05.28-19.58.40:842][  0]LogRHI: Texture pool is 2829 MB (70% of 4042 MB)
[2019.05.28-19.58.40:904][  0]LogD3D11RHI: Async texture creation enabled
[2019.05.28-19.58.40:915][  0]LogD3D11RHI: GPU Timing Frequency: 25.000000 (Debug: 2 1)
[2019.05.28-19.58.41:197][  0]LogTemp: Display: Loaded TP AllDesktopTargetPlatform
[2019.05.28-19.58.41:210][  0]LogTemp: Display: Loaded TP MacClientTargetPlatform
[2019.05.28-19.58.41:223][  0]LogTemp: Display: Loaded TP MacNoEditorTargetPlatform
[2019.05.28-19.58.41:234][  0]LogTemp: Display: Loaded TP MacServerTargetPlatform
[2019.05.28-19.58.41:245][  0]LogTemp: Display: Loaded TP MacTargetPlatform
[2019.05.28-19.58.41:257][  0]LogTemp: Display: Loaded TP WindowsClientTargetPlatform
[2019.05.28-19.58.41:269][  0]LogTemp: Display: Loaded TP WindowsNoEditorTargetPlatform
[2019.05.28-19.58.41:281][  0]LogTemp: Display: Loaded TP WindowsServerTargetPlatform
[2019.05.28-19.58.41:286][  0]LogTemp: Display: Loaded TP WindowsTargetPlatform
[2019.05.28-19.58.41:351][  0]LogTemp: Display: Loaded TP AndroidTargetPlatform
[2019.05.28-19.58.41:351][  0]LogTemp: Display: Loaded TP AndroidTargetPlatform
[2019.05.28-19.58.41:351][  0]LogTemp: Display: Loaded TP AndroidTargetPlatform
[2019.05.28-19.58.41:351][  0]LogTemp: Display: Loaded TP AndroidTargetPlatform
[2019.05.28-19.58.41:351][  0]LogTemp: Display: Loaded TP AndroidTargetPlatform
[2019.05.28-19.58.41:351][  0]LogTemp: Display: Loaded TP AndroidTargetPlatform
[2019.05.28-19.58.41:351][  0]LogTemp: Display: Loaded TP AndroidTargetPlatform
[2019.05.28-19.58.41:351][  0]LogTemp: Display: Loaded TP AndroidTargetPlatform
[2019.05.28-19.58.41:351][  0]LogTemp: Display: Loaded TP AndroidTargetPlatform
[2019.05.28-19.58.41:351][  0]LogTemp: Display: Loaded TP AndroidTargetPlatform
[2019.05.28-19.58.41:351][  0]LogTemp: Display: Loaded TP AndroidTargetPlatform
[2019.05.28-19.58.41:351][  0]LogTemp: Display: Loaded TP AndroidTargetPlatform
[2019.05.28-19.58.41:351][  0]LogTemp: Display: Loaded TP AndroidTargetPlatform
[2019.05.28-19.58.41:351][  0]LogTemp: Display: Loaded TP AndroidTargetPlatform
[2019.05.28-19.58.41:351][  0]LogTemp: Display: Loaded TP AndroidTargetPlatform
[2019.05.28-19.58.41:351][  0]LogTemp: Display: Loaded TP AndroidTargetPlatform
[2019.05.28-19.58.41:351][  0]LogTemp: Display: Loaded TP AndroidTargetPlatform
[2019.05.28-19.58.41:351][  0]LogTemp: Display: Loaded TP AndroidTargetPlatform
[2019.05.28-19.58.41:352][  0]LogTemp: Display: Loaded TP HTML5TargetPlatform
[2019.05.28-19.58.41:414][  0]LogTemp: Display: Loaded TP IOSTargetPlatform
[2019.05.28-19.58.41:414][  0]LogTemp: Display: Loaded TP IOSTargetPlatform
[2019.05.28-19.58.41:436][  0]LogTemp: Display: Loaded TP TVOSTargetPlatform
[2019.05.28-19.58.41:436][  0]LogTemp: Display: Loaded TP TVOSTargetPlatform
[2019.05.28-19.58.41:446][  0]LogTemp: Display: Loaded TP LinuxClientTargetPlatform
[2019.05.28-19.58.41:456][  0]LogTemp: Display: Loaded TP LinuxNoEditorTargetPlatform
[2019.05.28-19.58.41:466][  0]LogTemp: Display: Loaded TP LinuxServerTargetPlatform
[2019.05.28-19.58.41:478][  0]LogTemp: Display: Loaded TP LinuxTargetPlatform
[2019.05.28-19.58.41:516][  0]LogTemp: Display: Loaded TP LuminTargetPlatform
[2019.05.28-19.58.41:516][  0]LogTemp: Display: Loaded TP LuminTargetPlatform
[2019.05.28-19.58.41:516][  0]LogTargetPlatformManager: Display: Building Assets For Windows
[2019.05.28-19.58.41:571][  0]LogShaderCompilers: Guid format shader working directory is -31 characters bigger than the processId version (../../../../../../Users/u1111303/Documents/GitHub/summerAssetPipe/cityBlockProj/Intermediate/Shaders/WorkingDirectory/12356/).
[2019.05.28-19.58.41:571][  0]LogShaderCompilers: Cleaned the shader compiler working directory 'C:/Users/u1111303/AppData/Local/Temp/UnrealShaderWorkingDir/EB17269B4A1CE0EE18FDD3A305678371/'.
[2019.05.28-19.58.41:573][  0]LogXGEController: Cannot use XGE Controller as Incredibuild is not installed on this machine.
[2019.05.28-19.58.41:573][  0]LogShaderCompilers: Cannot use XGE Shader Compiler as Incredibuild is not installed on this machine.
[2019.05.28-19.58.41:573][  0]LogShaderCompilers: Display: Using Local Shader Compiler.
[2019.05.28-19.58.42:044][  0]LogDerivedDataCache: Display: Max Cache Size: 512 MB
[2019.05.28-19.58.42:096][  0]LogDerivedDataCache: Loaded boot cache 0.05s 71MB C:/Users/u1111303/AppData/Local/UnrealEngine/4.21/DerivedDataCache/Boot.ddc.
[2019.05.28-19.58.42:096][  0]LogDerivedDataCache: Display: Loaded Boot cache: C:/Users/u1111303/AppData/Local/UnrealEngine/4.21/DerivedDataCache/Boot.ddc
[2019.05.28-19.58.42:096][  0]LogDerivedDataCache: FDerivedDataBackendGraph:  Pak pak cache file ../../../../../../Users/u1111303/Documents/GitHub/summerAssetPipe/cityBlockProj/DerivedDataCache/DDC.ddp not found, will not use a pak cache.
[2019.05.28-19.58.42:096][  0]LogDerivedDataCache: Unable to find inner node Pak for hierarchical cache Hierarchy.
[2019.05.28-19.58.42:096][  0]LogDerivedDataCache: FDerivedDataBackendGraph:  CompressedPak pak cache file ../../../../../../Users/u1111303/Documents/GitHub/summerAssetPipe/cityBlockProj/DerivedDataCache/Compressed.ddp not found, will not use a pak cache.
[2019.05.28-19.58.42:096][  0]LogDerivedDataCache: Unable to find inner node CompressedPak for hierarchical cache Hierarchy.
[2019.05.28-19.58.42:110][  0]LogDerivedDataCache: Display: Pak cache opened for reading ../../../Engine/DerivedDataCache/Compressed.ddp.
[2019.05.28-19.58.42:110][  0]LogDerivedDataCache: FDerivedDataBackendGraph:  EnterprisePak pak cache file ../../../Enterprise/DerivedDataCache/Compressed.ddp not found, will not use a pak cache.
[2019.05.28-19.58.42:110][  0]LogDerivedDataCache: Unable to find inner node EnterprisePak for hierarchical cache Hierarchy.
[2019.05.28-19.58.42:122][  0]LogDerivedDataCache: Using Local data cache path C:/Users/u1111303/AppData/Local/UnrealEngine/Common/DerivedDataCache: Writable
[2019.05.28-19.58.42:122][  0]LogDerivedDataCache: Shared data cache path not found in *engine.ini, will not use an Shared cache.
[2019.05.28-19.58.42:122][  0]LogDerivedDataCache: Unable to find inner node Shared for hierarchical cache Hierarchy.
[2019.05.28-19.58.42:146][  0]LogMaterial: Verifying Global Shaders for PCD3D_SM5
[2019.05.28-19.58.42:147][  0]LogSlate: Using FreeType 2.6.0
[2019.05.28-19.58.42:148][  0]LogSlate: SlateFontServices - WITH_FREETYPE: 1, WITH_HARFBUZZ: 1
[2019.05.28-19.58.42:230][  0]LogAssetRegistry: FAssetRegistry took 0.0319 seconds to start up
[2019.05.28-19.58.42:520][  0]LogInit: Selected Device Profile: [Windows]
[2019.05.28-19.58.42:671][  0]LogSimplygon: Simplygon DLL not present - disabling.
[2019.05.28-19.58.42:674][  0]LogMeshReduction: Using SimplygonSwarm for distributed automatic mesh merging
[2019.05.28-19.58.42:674][  0]LogMeshReduction: Using ProxyLODMeshReduction for automatic mesh merging
[2019.05.28-19.58.42:674][  0]LogMeshReduction: Using QuadricMeshReduction for automatic static mesh reduction
[2019.05.28-19.58.42:674][  0]LogMeshReduction: No automatic skeletal mesh reduction module available
[2019.05.28-19.58.42:685][  0]LogNetVersion: eae3010srassign1 1.0.0, NetCL: 4541578, EngineNetVer: 5, GameNetVer: 0 (Checksum: 3016678391)
[2019.05.28-19.58.43:168][  0]LogPackageLocalizationCache: Processed 11 localized package path(s) for 2 prioritized culture(s) in 0.098327 seconds
[2019.05.28-19.58.43:173][  0]LogUObjectArray: 39775 objects as part of root set at end of initial load.
[2019.05.28-19.58.43:173][  0]LogUObjectAllocator: 6914656 out of 0 bytes used by permanent object pool.
[2019.05.28-19.58.43:173][  0]LogUObjectArray: CloseDisregardForGC: 0/0 objects in disregard for GC pool
[2019.05.28-19.58.43:935][  0]LogTcpMessaging: Initializing TcpMessaging bridge
[2019.05.28-19.58.43:948][  0]LogUdpMessaging: Initializing bridge on interface 0.0.0.0:0 to multicast group 230.0.0.1:6666.
[2019.05.28-19.58.44:525][  0]SourceControl: Source control is disabled
[2019.05.28-19.58.44:525][  0]SourceControl: Source control is disabled
[2019.05.28-19.58.44:526][  0]SourceControl: Source control is disabled
[2019.05.28-19.58.44:527][  0]SourceControl: Source control is disabled
[2019.05.28-19.58.44:678][  0]LogAndroidPermission: UAndroidPermissionCallbackProxy::GetInstance
[2019.05.28-19.58.44:750][  0]LogOcInput: OculusInput pre-init called
[2019.05.28-19.58.44:878][  0]LogEngine: Initializing Engine...
[2019.05.28-19.58.44:879][  0]LogHMD: Failed to initialize OpenVR with code 110
[2019.05.28-19.58.44:880][  0]LogStats: UGameplayTagsManager::ConstructGameplayTagTree: ImportINI prefixes -  0.000 s
[2019.05.28-19.58.44:880][  0]LogStats: UGameplayTagsManager::ConstructGameplayTagTree: Construct from data asset -  0.000 s
[2019.05.28-19.58.44:880][  0]LogStats: UGameplayTagsManager::ConstructGameplayTagTree: ImportINI -  0.000 s
[2019.05.28-19.58.44:880][  0]LogStats: UGameplayTagsManager::ConstructGameplayTagTree: GameplayTagTreeChangedEvent.Broadcast -  0.000 s
[2019.05.28-19.58.45:089][  0]LogInit: Initializing FReadOnlyCVARCache
[2019.05.28-19.58.45:105][  0]LogAIModule: Creating AISystem for world Untitled
[2019.05.28-19.58.45:150][  0]LogInit: XAudio2 using '4 - CintiqPro24P (AMD High Definition Audio Device)' : 2 channels at 48 kHz using 16 bits per sample (channel mask 0x3)
[2019.05.28-19.58.45:163][  0]LogInit: FAudioDevice initialized.
[2019.05.28-19.58.45:163][  0]LogNetVersion: Set ProjectVersion to 1.0.0.0. Version Checksum will be recalculated on next use.
[2019.05.28-19.58.45:237][  0]LogDerivedDataCache: Saved boot cache 0.07s 71MB C:/Users/u1111303/AppData/Local/UnrealEngine/4.21/DerivedDataCache/Boot.ddc.
[2019.05.28-19.58.45:241][  0]LogInit: Texture streaming: Enabled
[2019.05.28-19.58.45:256][  0]LogEngineSessionManager: EngineSessionManager initialized
[2019.05.28-19.58.45:272][  0]LogInit: Transaction tracking system initialized
[2019.05.28-19.58.45:294][  0]BlueprintLog: New page: Editor Load
[2019.05.28-19.58.45:368][  0]LocalizationService: Localization service is disabled
[2019.05.28-19.58.45:765][  0]LogFileCache: Scanning file cache for directory 'C:/Users/u1111303/Documents/GitHub/summerAssetPipe/cityBlockProj/Content/' took 0.01s
[2019.05.28-19.58.45:765][  0]LogCook: Display: Max memory allowance for cook 16384mb min free memory 0mb
[2019.05.28-19.58.45:765][  0]LogCook: Display: Mobile HDR setting 1
[2019.05.28-19.58.45:765][  0]LogGameplayTags: Display: UGameplayTagsManager::DoneAddingNativeTags. DelegateIsBound: 0
[2019.05.28-19.58.45:765][  0]LogStats: UGameplayTagsManager::ConstructGameplayTagTree: ImportINI prefixes -  0.000 s
[2019.05.28-19.58.45:765][  0]LogStats: UGameplayTagsManager::ConstructGameplayTagTree: Construct from data asset -  0.000 s
[2019.05.28-19.58.45:765][  0]LogStats: UGameplayTagsManager::ConstructGameplayTagTree: ImportINI -  0.000 s
[2019.05.28-19.58.45:765][  0]LogStats: UGameplayTagsManager::ConstructGameplayTagTree: GameplayTagTreeChangedEvent.Broadcast -  0.000 s
[2019.05.28-19.58.45:885][  0]SourceControl: Source control is disabled
[2019.05.28-19.58.45:885][  0]Cmd: MAP LOAD FILE="../../../Engine/Content/Maps/Templates/Template_Default.umap" TEMPLATE=1 SHOWPROGRESS=1 FEATURELEVEL=3
[2019.05.28-19.58.45:886][  0]LightingResults: New page: Lighting Build
[2019.05.28-19.58.45:888][  0]MapCheck: New page: Map Check
[2019.05.28-19.58.45:888][  0]LightingResults: New page: Lighting Build
[2019.05.28-19.58.46:037][  0]LogAIModule: Creating AISystem for world Untitled_1
[2019.05.28-19.58.46:043][  0]LogEditorServer: Finished looking for orphan Actors (0.000 secs)
[2019.05.28-19.58.46:064][  0]Cmd: MAP CHECKDEP NOCLEARLOG
[2019.05.28-19.58.46:064][  0]MapCheck: Map check complete: 0 Error(s), 0 Warning(s), took 0.121ms to complete.
[2019.05.28-19.58.46:064][  0]LogFileHelpers: Loading map 'Template_Default' took 0.178
[2019.05.28-19.58.46:167][  0]LogSlate: Updating window title bar state: overlay mode, drag disabled, window buttons hidden, title bar hidden
[2019.05.28-19.58.46:174][  0]LogSlate: Updating window title bar state: overlay mode, drag disabled, window buttons hidden, title bar hidden
[2019.05.28-19.58.46:180][  0]LogSlate: Updating window title bar state: overlay mode, drag disabled, window buttons hidden, title bar hidden
[2019.05.28-19.58.46:186][  0]LogSlate: Updating window title bar state: overlay mode, drag disabled, window buttons hidden, title bar hidden
[2019.05.28-19.58.46:192][  0]LogCollectionManager: Loaded 0 collections in 0.001671 seconds
[2019.05.28-19.58.46:207][  0]LogFileCache: Scanning file cache for directory 'C:/Users/u1111303/Documents/GitHub/summerAssetPipe/cityBlockProj/Saved/Collections/' took 0.01s
[2019.05.28-19.58.46:207][  0]LogFileCache: Scanning file cache for directory 'C:/Users/u1111303/Documents/GitHub/summerAssetPipe/cityBlockProj/Content/Developers/u1111303/Collections/' took 0.00s
[2019.05.28-19.58.46:207][  0]LogFileCache: Scanning file cache for directory 'C:/Users/u1111303/Documents/GitHub/summerAssetPipe/cityBlockProj/Content/Collections/' took 0.00s
[2019.05.28-19.58.46:207][  0]LogCollectionManager: Rebuilt the GUID cache for 0 collections in 0.000000 seconds
[2019.05.28-19.58.46:213][  0]LogContentBrowser: Native class hierarchy populated in 0.0064 seconds. Added 2651 classes and 620 folders.
[2019.05.28-19.58.46:220][  0]LogContentBrowser: Native class hierarchy updated for 'WidgetCarousel' in 0.0002 seconds. Added 0 classes and 0 folders.
[2019.05.28-19.58.46:221][  0]LogPakFile: Registered encryption key '00000000000000000000000000000000': 0 pak files mounted, 0 remain pending
[2019.05.28-19.58.46:222][  0]LogPakFile: Registered encryption key '00000000000000000000000000000000': 0 pak files mounted, 0 remain pending
[2019.05.28-19.58.46:222][  0]LogPakFile: Registered encryption key '00000000000000000000000000000000': 0 pak files mounted, 0 remain pending
[2019.05.28-19.58.46:222][  0]LogPakFile: Registered encryption key '00000000000000000000000000000000': 0 pak files mounted, 0 remain pending
[2019.05.28-19.58.46:223][  0]LogPakFile: Registered encryption key '00000000000000000000000000000000': 0 pak files mounted, 0 remain pending
[2019.05.28-19.58.46:223][  0]LogPakFile: Registered encryption key '00000000000000000000000000000000': 0 pak files mounted, 0 remain pending
[2019.05.28-19.58.46:224][  0]LogPakFile: Registered encryption key '00000000000000000000000000000000': 0 pak files mounted, 0 remain pending
[2019.05.28-19.58.46:224][  0]LogPakFile: Registered encryption key '00000000000000000000000000000000': 0 pak files mounted, 0 remain pending
[2019.05.28-19.58.46:224][  0]LogPakFile: Registered encryption key '00000000000000000000000000000000': 0 pak files mounted, 0 remain pending
[2019.05.28-19.58.46:225][  0]LogPakFile: Registered encryption key '00000000000000000000000000000000': 0 pak files mounted, 0 remain pending
[2019.05.28-19.58.46:225][  0]LogPakFile: Registered encryption key '00000000000000000000000000000000': 0 pak files mounted, 0 remain pending
[2019.05.28-19.58.46:225][  0]LogPakFile: Registered encryption key '00000000000000000000000000000000': 0 pak files mounted, 0 remain pending
[2019.05.28-19.58.46:226][  0]LogPakFile: Registered encryption key '00000000000000000000000000000000': 0 pak files mounted, 0 remain pending
[2019.05.28-19.58.46:226][  0]LogPakFile: Registered encryption key '00000000000000000000000000000000': 0 pak files mounted, 0 remain pending
[2019.05.28-19.58.46:227][  0]LogPakFile: Registered encryption key '00000000000000000000000000000000': 0 pak files mounted, 0 remain pending
[2019.05.28-19.58.46:227][  0]LogPakFile: Registered encryption key '00000000000000000000000000000000': 0 pak files mounted, 0 remain pending
[2019.05.28-19.58.46:228][  0]LogPakFile: Registered encryption key '00000000000000000000000000000000': 0 pak files mounted, 0 remain pending
[2019.05.28-19.58.46:228][  0]LogPakFile: Registered encryption key '00000000000000000000000000000000': 0 pak files mounted, 0 remain pending
[2019.05.28-19.58.46:228][  0]LogPakFile: Registered encryption key '00000000000000000000000000000000': 0 pak files mounted, 0 remain pending
[2019.05.28-19.58.46:229][  0]LogPakFile: Registered encryption key '00000000000000000000000000000000': 0 pak files mounted, 0 remain pending
[2019.05.28-19.58.46:229][  0]LogPakFile: Registered encryption key '00000000000000000000000000000000': 0 pak files mounted, 0 remain pending
[2019.05.28-19.58.46:229][  0]LogPakFile: Registered encryption key '00000000000000000000000000000000': 0 pak files mounted, 0 remain pending
[2019.05.28-19.58.46:230][  0]LogPakFile: Registered encryption key '00000000000000000000000000000000': 0 pak files mounted, 0 remain pending
[2019.05.28-19.58.46:230][  0]LogPakFile: Registered encryption key '00000000000000000000000000000000': 0 pak files mounted, 0 remain pending
[2019.05.28-19.58.46:231][  0]LogPakFile: Registered encryption key '00000000000000000000000000000000': 0 pak files mounted, 0 remain pending
[2019.05.28-19.58.46:231][  0]LogPakFile: Registered encryption key '00000000000000000000000000000000': 0 pak files mounted, 0 remain pending
[2019.05.28-19.58.46:263][  0]LogContentBrowser: Native class hierarchy updated for 'AddContentDialog' in 0.0002 seconds. Added 0 classes and 0 folders.
[2019.05.28-19.58.46:266][  0]LogContentBrowser: Native class hierarchy updated for 'SceneOutliner' in 0.0003 seconds. Added 1 classes and 2 folders.
[2019.05.28-19.58.46:318][  0]LogSlate: Took 0.000146 seconds to synchronously load lazily loaded font '../../../Engine/Content/Slate/Fonts/Roboto-Regular.ttf' (155K)
[2019.05.28-19.58.46:320][  0]LogSlate: Took 0.000129 seconds to synchronously load lazily loaded font '../../../Engine/Content/Slate/Fonts/Roboto-Bold.ttf' (160K)
[2019.05.28-19.58.46:324][  0]LogSlate: Took 0.000145 seconds to synchronously load lazily loaded font '../../../Engine/Content/Editor/Slate/Fonts/FontAwesome.ttf' (139K)
[2019.05.28-19.58.46:392][  0]LogRenderer: Reallocating scene render targets to support 1208x576 Format 10 NumSamples 1 (Frame:1).
[2019.05.28-19.58.46:542][  0]LogContentBrowser: Native class hierarchy updated for 'HierarchicalLODOutliner' in 0.0002 seconds. Added 0 classes and 0 folders.
[2019.05.28-19.58.46:542][  0]LogLoad: (Engine Initialization) Total time: 7.96 seconds
[2019.05.28-19.58.46:542][  0]LogLoad: (Engine Initialization) Total Blueprint compile time: 0.00 seconds
[2019.05.28-19.58.46:553][  0]LogWindowsTextInputMethodSystem: Display: IME system now deactivated.
[2019.05.28-19.58.46:606][  0]LogContentStreaming: Texture pool size now 1000 MB
[2019.05.28-19.58.46:629][  1]LogAssetRegistry: Asset discovery search completed in 4.4217 seconds
[2019.05.28-19.58.46:631][  1]LogCollectionManager: Rebuilt the object cache for 0 collections in 0.000001 seconds (found 0 objects)
[2019.05.28-19.58.46:631][  1]LogCollectionManager: Fixed up redirectors for 0 collections in 0.000053 seconds (updated 0 objects)
[2019.05.28-19.58.55:433][572]LogSlate: FSceneViewport::OnFocusLost() reason 0
[2019.05.28-19.58.57:580][825]LogSlate: Took 0.000149 seconds to synchronously load lazily loaded font '../../../Engine/Content/Slate/Fonts/Roboto-Light.ttf' (167K)
[2019.05.28-19.58.58:002][825]LogAIModule: Creating AISystem for world streetlevel
[2019.05.28-19.58.58:066][825]LogAssetEditorManager: Opening Asset editor for World /Game/streetlevel.streetlevel
[2019.05.28-19.58.58:089][825]Cmd: MAP LOAD FILE="../../../../../../Users/u1111303/Documents/GitHub/summerAssetPipe/cityBlockProj/Content/streetlevel.umap" TEMPLATE=0 SHOWPROGRESS=1 FEATURELEVEL=3
[2019.05.28-19.58.58:089][825]LightingResults: New page: Lighting Build
[2019.05.28-19.58.58:089][825]LoadErrors: New page: Loading map: streetlevel.umap
[2019.05.28-19.58.58:090][825]MapCheck: New page: Map Check
[2019.05.28-19.58.58:090][825]LightingResults: New page: Lighting Build
[2019.05.28-19.58.58:221][825]LogEditorServer: Finished looking for orphan Actors (0.000 secs)
[2019.05.28-19.58.58:262][825]Cmd: MAP CHECKDEP NOCLEARLOG
[2019.05.28-19.58.58:264][825]MapCheck: Map check complete: 0 Error(s), 0 Warning(s), took 1.519ms to complete.
[2019.05.28-19.58.58:264][825]LogFileHelpers: Loading map 'streetlevel' took 0.177
[2019.05.28-19.59.07:132][833]LogEditorViewport: Clicking Background
[2019.05.28-19.59.08:909][ 41]LogSlate: FSceneViewport::OnFocusLost() reason 0
[2019.05.28-19.59.16:073][883]Cmd: BRUSH ADD SELECTNEWBRUSH
[2019.05.28-19.59.44:157][165]LogSlate: FSceneViewport::OnFocusLost() reason 0
[2019.05.28-19.59.45:689][347]LogSlate: FSceneViewport::OnFocusLost() reason 0
[2019.05.28-19.59.48:470][675]Cmd: TRANSACTION UNDO
[2019.05.28-19.59.48:470][675]LogEditorTransaction: Undo Select Brush Surface
[2019.05.28-19.59.49:143][743]Cmd: TRANSACTION UNDO
[2019.05.28-19.59.49:143][743]LogEditorTransaction: Undo Brush Add
[2019.05.28-19.59.54:034][289]LogSlate: FSceneViewport::OnFocusLost() reason 0
[2019.05.28-20.00.29:141][440]LogEditorViewport: Clicking Background
[2019.05.28-20.00.29:437][474]LogSlate: FSceneViewport::OnFocusLost() reason 0
[2019.05.28-20.00.35:621][206]LogSlate: FSceneViewport::OnFocusLost() reason 0
[2019.05.28-20.06.00:312][906]LogSlate: FSceneViewport::OnFocusLost() reason 0
[2019.05.28-20.06.02:012][100]Cmd: BRUSH ADD SELECTNEWBRUSH
[2019.05.28-20.06.09:598][979]LogSlate: FSceneViewport::OnFocusLost() reason 2
[2019.05.28-20.06.10:575][ 87]LogSlate: FSceneViewport::OnFocusLost() reason 2
[2019.05.28-20.06.42:624][860]LogSlate: FSceneViewport::OnFocusLost() reason 2
[2019.05.28-20.06.52:854][ 11]LogSlate: FSceneViewport::OnFocusLost() reason 0
[2019.05.28-20.06.54:545][195]Cmd: BRUSH ADD SELECTNEWBRUSH
[2019.05.28-20.06.59:589][786]LogSlate: FSceneViewport::OnFocusLost() reason 0
[2019.05.28-20.07.09:652][914]LogSlate: FSceneViewport::OnFocusLost() reason 0
[2019.05.28-20.08.49:071][633]LogSlate: FSceneViewport::OnFocusLost() reason 0
[2019.05.28-20.08.54:784][645]LogSlate: FSceneViewport::OnFocusLost() reason 2
[2019.05.28-20.08.54:799][645]LogFactory: FactoryCreateFile: StaticMesh with FbxFactory (0 0 ../../../../../../Users/u1111303/Documents/GitHub/summerAssetPipe/mann.obj)
[2019.05.28-20.08.54:834][645]LogFbx: Loading FBX Scene from ../../../../../../Users/u1111303/Documents/GitHub/summerAssetPipe/mann.obj
[2019.05.28-20.08.54:920][645]LogFbx: FBX Scene Loaded Succesfully
[2019.05.28-20.08.57:163][645]LogSlate: Window 'FBX Import Options' being destroyed
[2019.05.28-20.08.57:350][645]LogMaterial: Display: Missing cached shader map for material SM_hatMat, compiling. 
[2019.05.28-20.08.57:392][645]LogShaderCompilers: Display: Shaders left to compile 22
[2019.05.28-20.08.57:392][645]LogShaderCompilers: Display: Shaders left to compile 12
[2019.05.28-20.08.57:392][645]LogShaderCompilers: Display: Shaders left to compile 2
[2019.05.28-20.08.57:392][645]LogFbx: Warning: Triangulating static mesh SM_hat
[2019.05.28-20.08.57:867][645]LogStaticMesh: Building static mesh mann...
[2019.05.28-20.08.57:991][645]LogStaticMesh: Built static mesh [0.12s] /Game/mann.mann
[2019.05.28-20.09.04:466][ 92]LogActorFactory: Actor Factory created mann
[2019.05.28-20.09.05:325][188]LogActorFactory: Actor Factory created mann
[2019.05.28-20.09.13:996][195]Cmd: TRANSACTION UNDO
[2019.05.28-20.09.13:996][195]LogEditorTransaction: Undo Select Brush Surface
[2019.05.28-20.09.14:675][264]Cmd: TRANSACTION UNDO
[2019.05.28-20.09.14:675][264]LogEditorTransaction: Undo Apply Material to Surface
[2019.05.28-20.10.20:197][934]LogSlate: FSceneViewport::OnFocusLost() reason 2
[2019.05.28-20.10.20:942][934]LogSavePackage: Moving '../../../../../../Users/u1111303/Documents/GitHub/summerAssetPipe/cityBlockProj/Saved/streetlevel_Auto1E8BB631E4D9869A1056A73B910352EC3.tmp' to '../../../../../../Users/u1111303/Documents/GitHub/summerAssetPipe/cityBlockProj/Saved/Autosaves/Game/streetlevel_Auto1.umap'
[2019.05.28-20.10.20:946][934]LogFileHelpers: Editor autosave (incl. sublevels) for '/Game/streetlevel' took 0.723
[2019.05.28-20.10.20:946][934]LogFileHelpers: Editor autosave (incl. sublevels) for all levels took 0.723
[2019.05.28-20.10.20:948][934]OBJ SavePackage: Generating thumbnails for [1] asset(s) in package [/Game/SM_hatMat] ([1] browsable assets)...
[2019.05.28-20.10.20:968][934]OBJ SavePackage:     Rendered thumbnail for [Material /Game/SM_hatMat.SM_hatMat]
[2019.05.28-20.10.20:968][934]OBJ SavePackage: Finished generating thumbnails for package [/Game/SM_hatMat]
[2019.05.28-20.10.20:982][934]LogSavePackage: Moving '../../../../../../Users/u1111303/Documents/GitHub/summerAssetPipe/cityBlockProj/Saved/SM_hatMat_Auto1C8A64654476074151832E1B575F20928.tmp' to '../../../../../../Users/u1111303/Documents/GitHub/summerAssetPipe/cityBlockProj/Saved/Autosaves/Game/SM_hatMat_Auto1.uasset'
[2019.05.28-20.10.20:984][934]OBJ SavePackage: Generating thumbnails for [1] asset(s) in package [/Game/mann] ([1] browsable assets)...
[2019.05.28-20.10.21:004][934]OBJ SavePackage:     Rendered thumbnail for [StaticMesh /Game/mann.mann]
[2019.05.28-20.10.21:004][934]OBJ SavePackage: Finished generating thumbnails for package [/Game/mann]
[2019.05.28-20.10.21:004][934]Cmd: OBJ SAVEPACKAGE PACKAGE="/Game/mann" FILE="../../../../../../Users/u1111303/Documents/GitHub/summerAssetPipe/cityBlockProj/Saved/Autosaves/Game/mann_Auto1.uasset" SILENT=false AUTOSAVING=true
[2019.05.28-20.10.21:019][934]LogSavePackage: Moving '../../../../../../Users/u1111303/Documents/GitHub/summerAssetPipe/cityBlockProj/Saved/mann_Auto1D45903664FEF765EA3E82BA1F7E173E2.tmp' to '../../../../../../Users/u1111303/Documents/GitHub/summerAssetPipe/cityBlockProj/Saved/Autosaves/Game/mann_Auto1.uasset'
[2019.05.28-20.10.21:020][934]LogFileHelpers: Auto-saving content packages took 0.073
[2019.05.28-20.11.02:901][915]LogSlate: FSceneViewport::OnFocusLost() reason 2
[2019.05.28-20.11.03:588][915]LogSavePackage: Moving '../../../../../../Users/u1111303/Documents/GitHub/summerAssetPipe/cityBlockProj/Saved/streetlevelB8981E954B9F460F26E8AE85DC46DA9A.tmp' to '../../../../../../Users/u1111303/Documents/GitHub/summerAssetPipe/cityBlockProj/Content/streetlevel.umap'
[2019.05.28-20.11.03:622][915]Cmd: OBJ SAVEPACKAGE PACKAGE="/Game/streetlevel_BuiltData" FILE="../../../../../../Users/u1111303/Documents/GitHub/summerAssetPipe/cityBlockProj/Content/streetlevel_BuiltData.uasset" SILENT=true
[2019.05.28-20.11.03:681][915]LogSavePackage: Moving '../../../../../../Users/u1111303/Documents/GitHub/summerAssetPipe/cityBlockProj/Saved/streetlevel_BuiltData16A83D4A4A9D2CEC70BFA39EB8A32A66.tmp' to '../../../../../../Users/u1111303/Documents/GitHub/summerAssetPipe/cityBlockProj/Content/streetlevel_BuiltData.uasset'
[2019.05.28-20.11.06:706][264]LogSlate: FSceneViewport::OnFocusLost() reason 0
[2019.05.28-20.16.31:342][852]LogSlate: FSceneViewport::OnFocusLost() reason 2
[2019.05.28-20.16.32:036][852]LogSavePackage: Moving '../../../../../../Users/u1111303/Documents/GitHub/summerAssetPipe/cityBlockProj/Saved/streetlevel271994BF49612FF51CD6D5977680608F.tmp' to '../../../../../../Users/u1111303/Documents/GitHub/summerAssetPipe/cityBlockProj/Content/streetlevel.umap'
[2019.05.28-20.16.32:060][852]Cmd: OBJ SAVEPACKAGE PACKAGE="/Game/streetlevel_BuiltData" FILE="../../../../../../Users/u1111303/Documents/GitHub/summerAssetPipe/cityBlockProj/Content/streetlevel_BuiltData.uasset" SILENT=true
[2019.05.28-20.16.32:107][852]LogSavePackage: Moving '../../../../../../Users/u1111303/Documents/GitHub/summerAssetPipe/cityBlockProj/Saved/streetlevel_BuiltData5BDBA69540D19252EE5CEB98C52BBDF7.tmp' to '../../../../../../Users/u1111303/Documents/GitHub/summerAssetPipe/cityBlockProj/Content/streetlevel_BuiltData.uasset'
[2019.05.28-20.16.43:976][253]LogEditorViewport: Clicking Background
[2019.05.28-20.16.44:993][372]LogEditorViewport: Clicking on Actor (LMB): StaticMeshActor (mann)
[2019.05.28-20.16.50:637][727]LogSlate: FSceneViewport::OnFocusLost() reason 0
[2019.05.28-20.16.54:493][181]Cmd: TRANSACTION UNDO
[2019.05.28-20.16.54:493][181]LogEditorTransaction: Undo Create Actors
[2019.05.28-20.16.54:500][181]LogPhysics: Warning: Found bad index buffer when cooking UModelComponent physics data! Component: /Game/streetlevel.streetlevel:PersistentLevel.ModelComponent_176, Buffer: 0, Buffer Size: 0, Element: 0
[2019.05.28-20.16.54:500][181]LogPhysics: Warning: Found bad index buffer when cooking UModelComponent physics data! Component: /Game/streetlevel.streetlevel:PersistentLevel.ModelComponent_176, Buffer: 0, Buffer Size: 0, Element: 1
[2019.05.28-20.16.54:500][181]LogPhysics: Warning: Found bad index buffer when cooking UModelComponent physics data! Component: /Game/streetlevel.streetlevel:PersistentLevel.ModelComponent_176, Buffer: 0, Buffer Size: 0, Element: 2
[2019.05.28-20.16.54:500][181]LogPhysics: Warning: Found bad index buffer when cooking UModelComponent physics data! Component: /Game/streetlevel.streetlevel:PersistentLevel.ModelComponent_176, Buffer: 0, Buffer Size: 0, Element: 3
[2019.05.28-20.16.54:500][181]LogPhysics: Warning: Found bad index buffer when cooking UModelComponent physics data! Component: /Game/streetlevel.streetlevel:PersistentLevel.ModelComponent_176, Buffer: 0, Buffer Size: 0, Element: 4
[2019.05.28-20.16.54:500][181]LogPhysics: Warning: Found bad index buffer when cooking UModelComponent physics data! Component: /Game/streetlevel.streetlevel:PersistentLevel.ModelComponent_176, Buffer: 0, Buffer Size: 0, Element: 5
[2019.05.28-20.16.54:500][181]LogPhysics: Warning: Found bad index buffer when cooking UModelComponent physics data! Component: /Game/streetlevel.streetlevel:PersistentLevel.ModelComponent_176, Buffer: 0, Buffer Size: 0, Element: 6
[2019.05.28-20.16.54:500][181]LogPhysics: Warning: Found bad index buffer when cooking UModelComponent physics data! Component: /Game/streetlevel.streetlevel:PersistentLevel.ModelComponent_176, Buffer: 0, Buffer Size: 0, Element: 7
[2019.05.28-20.16.54:501][181]LogPhysics: Warning: UBodySetup::GetCookInfo: Triangle data from '/Game/streetlevel.streetlevel:PersistentLevel.ModelComponent_176' invalid (5312 verts, 0 indices).
[2019.05.28-20.16.54:501][181]LogPhysics: Warning: Attempt to build physics data for /Game/streetlevel.streetlevel:PersistentLevel.ModelComponent_176.BodySetup_0 when we are unable to.
[2019.05.28-20.16.55:790][273]LogSlate: FSceneViewport::OnFocusLost() reason 0
[2019.05.28-20.17.04:194][916]Cmd: OBJ SAVEPACKAGE PACKAGE="/Game/wb_materials/SM_hatMat" FILE="../../../../../../Users/u1111303/Documents/GitHub/summerAssetPipe/cityBlockProj/Content/wb_materials/SM_hatMat.uasset" SILENT=true
[2019.05.28-20.17.04:207][916]LogSavePackage: Moving '../../../../../../Users/u1111303/Documents/GitHub/summerAssetPipe/cityBlockProj/Saved/SM_hatMat6C16AF904CC1CAF9818C5FBB3BD1927B.tmp' to '../../../../../../Users/u1111303/Documents/GitHub/summerAssetPipe/cityBlockProj/Content/wb_materials/SM_hatMat.uasset'
[2019.05.28-20.17.06:919][ 71]LogSavePackage: Moving '../../../../../../Users/u1111303/Documents/GitHub/summerAssetPipe/cityBlockProj/Saved/streetlevel1B4124DD4994A2EFCE9675BB77041667.tmp' to '../../../../../../Users/u1111303/Documents/GitHub/summerAssetPipe/cityBlockProj/Content/streetlevel.umap'
[2019.05.28-20.17.06:943][ 71]Cmd: OBJ SAVEPACKAGE PACKAGE="/Game/streetlevel_BuiltData" FILE="../../../../../../Users/u1111303/Documents/GitHub/summerAssetPipe/cityBlockProj/Content/streetlevel_BuiltData.uasset" SILENT=true
[2019.05.28-20.17.06:986][ 71]LogSavePackage: Moving '../../../../../../Users/u1111303/Documents/GitHub/summerAssetPipe/cityBlockProj/Saved/streetlevel_BuiltData6FFAF9F044E46EFE9778F2AFCE67CB39.tmp' to '../../../../../../Users/u1111303/Documents/GitHub/summerAssetPipe/cityBlockProj/Content/streetlevel_BuiltData.uasset'
